running develop
running egg_info
creating simple_robot_description.egg-info
writing simple_robot_description.egg-info/PKG-INFO
writing dependency_links to simple_robot_description.egg-info/dependency_links.txt
writing entry points to simple_robot_description.egg-info/entry_points.txt
writing requirements to simple_robot_description.egg-info/requires.txt
writing top-level names to simple_robot_description.egg-info/top_level.txt
writing manifest file 'simple_robot_description.egg-info/SOURCES.txt'
reading manifest file 'simple_robot_description.egg-info/SOURCES.txt'
writing manifest file 'simple_robot_description.egg-info/SOURCES.txt'
running build_ext
Creating /home/rakhi/ros2_ws/install/simple_robot_description/lib/python3.10/site-packages/simple-robot-description.egg-link (link to .)
Installing joint_commander script to /home/rakhi/ros2_ws/install/simple_robot_description/lib/simple_robot_description

Installed /home/rakhi/ros2_ws/build/simple_robot_description
running symlink_data
creating /home/rakhi/ros2_ws/install/simple_robot_description/share/ament_index
creating /home/rakhi/ros2_ws/install/simple_robot_description/share/ament_index/resource_index
creating /home/rakhi/ros2_ws/install/simple_robot_description/share/ament_index/resource_index/packages
symbolically linking /home/rakhi/ros2_ws/build/simple_robot_description/resource/simple_robot_description -> /home/rakhi/ros2_ws/install/simple_robot_description/share/ament_index/resource_index/packages
symbolically linking /home/rakhi/ros2_ws/build/simple_robot_description/package.xml -> /home/rakhi/ros2_ws/install/simple_robot_description/share/simple_robot_description
creating /home/rakhi/ros2_ws/install/simple_robot_description/share/simple_robot_description/launch
symbolically linking /home/rakhi/ros2_ws/build/simple_robot_description/launch/rviz.launch.py -> /home/rakhi/ros2_ws/install/simple_robot_description/share/simple_robot_description/launch
symbolically linking /home/rakhi/ros2_ws/build/simple_robot_description/launch/gazebo.launch.py -> /home/rakhi/ros2_ws/install/simple_robot_description/share/simple_robot_description/launch
creating /home/rakhi/ros2_ws/install/simple_robot_description/share/simple_robot_description/models
symbolically linking /home/rakhi/ros2_ws/build/simple_robot_description/models/arm_1dof/macros.xacro -> /home/rakhi/ros2_ws/install/simple_robot_description/share/simple_robot_description/models
symbolically linking /home/rakhi/ros2_ws/build/simple_robot_description/models/arm_1dof/materials.xacro -> /home/rakhi/ros2_ws/install/simple_robot_description/share/simple_robot_description/models
symbolically linking /home/rakhi/ros2_ws/build/simple_robot_description/models/arm_1dof/arm_1dof.xacro -> /home/rakhi/ros2_ws/install/simple_robot_description/share/simple_robot_description/models
symbolically linking /home/rakhi/ros2_ws/build/simple_robot_description/models/arm_1dof/joints.xacro -> /home/rakhi/ros2_ws/install/simple_robot_description/share/simple_robot_description/models
symbolically linking /home/rakhi/ros2_ws/build/simple_robot_description/models/track/model.sdf -> /home/rakhi/ros2_ws/install/simple_robot_description/share/simple_robot_description/models
creating /home/rakhi/ros2_ws/install/simple_robot_description/share/simple_robot_description/rviz
symbolically linking /home/rakhi/ros2_ws/build/simple_robot_description/rviz/arm.rviz -> /home/rakhi/ros2_ws/install/simple_robot_description/share/simple_robot_description/rviz
creating /home/rakhi/ros2_ws/install/simple_robot_description/share/simple_robot_description/config
symbolically linking /home/rakhi/ros2_ws/build/simple_robot_description/config/arm_1dof.yaml -> /home/rakhi/ros2_ws/install/simple_robot_description/share/simple_robot_description/config
creating /home/rakhi/ros2_ws/install/simple_robot_description/share/simple_robot_description/worlds
symbolically linking /home/rakhi/ros2_ws/build/simple_robot_description/worlds/empty.world -> /home/rakhi/ros2_ws/install/simple_robot_description/share/simple_robot_description/worlds
