[1.279s] Invoking command in '/home/rakhi/ros2_ws/build/simple_robot_description': PYTHONPATH=/home/rakhi/ros2_ws/build/simple_robot_description/prefix_override:/usr/lib/python3/dist-packages/colcon_core/task/python/colcon_distutils_commands:/home/rakhi/ros2_ws/install/simple_robot_description/lib/python3.10/site-packages:${PYTHONPATH} /usr/bin/python3 -W ignore:setup.py install is deprecated -W ignore:easy_install command is deprecated setup.py develop --editable --build-directory /home/rakhi/ros2_ws/build/simple_robot_description/build --no-deps symlink_data
[1.743s] running develop
[2.009s] running egg_info
[2.009s] creating simple_robot_description.egg-info
[2.009s] writing simple_robot_description.egg-info/PKG-INFO
[2.009s] writing dependency_links to simple_robot_description.egg-info/dependency_links.txt
[2.009s] writing entry points to simple_robot_description.egg-info/entry_points.txt
[2.009s] writing requirements to simple_robot_description.egg-info/requires.txt
[2.010s] writing top-level names to simple_robot_description.egg-info/top_level.txt
[2.010s] writing manifest file 'simple_robot_description.egg-info/SOURCES.txt'
[2.014s] reading manifest file 'simple_robot_description.egg-info/SOURCES.txt'
[2.026s] writing manifest file 'simple_robot_description.egg-info/SOURCES.txt'
[2.041s] running build_ext
[2.046s] Creating /home/rakhi/ros2_ws/install/simple_robot_description/lib/python3.10/site-packages/simple-robot-description.egg-link (link to .)
[2.071s] Installing joint_commander script to /home/rakhi/ros2_ws/install/simple_robot_description/lib/simple_robot_description
[2.076s] 
[2.076s] Installed /home/rakhi/ros2_ws/build/simple_robot_description
[2.076s] running symlink_data
[2.077s] creating /home/rakhi/ros2_ws/install/simple_robot_description/share/ament_index
[2.077s] creating /home/rakhi/ros2_ws/install/simple_robot_description/share/ament_index/resource_index
[2.077s] creating /home/rakhi/ros2_ws/install/simple_robot_description/share/ament_index/resource_index/packages
[2.077s] symbolically linking /home/rakhi/ros2_ws/build/simple_robot_description/resource/simple_robot_description -> /home/rakhi/ros2_ws/install/simple_robot_description/share/ament_index/resource_index/packages
[2.077s] symbolically linking /home/rakhi/ros2_ws/build/simple_robot_description/package.xml -> /home/rakhi/ros2_ws/install/simple_robot_description/share/simple_robot_description
[2.077s] creating /home/rakhi/ros2_ws/install/simple_robot_description/share/simple_robot_description/launch
[2.078s] symbolically linking /home/rakhi/ros2_ws/build/simple_robot_description/launch/rviz.launch.py -> /home/rakhi/ros2_ws/install/simple_robot_description/share/simple_robot_description/launch
[2.078s] symbolically linking /home/rakhi/ros2_ws/build/simple_robot_description/launch/gazebo.launch.py -> /home/rakhi/ros2_ws/install/simple_robot_description/share/simple_robot_description/launch
[2.078s] creating /home/rakhi/ros2_ws/install/simple_robot_description/share/simple_robot_description/models
[2.078s] symbolically linking /home/rakhi/ros2_ws/build/simple_robot_description/models/arm_1dof/macros.xacro -> /home/rakhi/ros2_ws/install/simple_robot_description/share/simple_robot_description/models
[2.078s] symbolically linking /home/rakhi/ros2_ws/build/simple_robot_description/models/arm_1dof/materials.xacro -> /home/rakhi/ros2_ws/install/simple_robot_description/share/simple_robot_description/models
[2.078s] symbolically linking /home/rakhi/ros2_ws/build/simple_robot_description/models/arm_1dof/arm_1dof.xacro -> /home/rakhi/ros2_ws/install/simple_robot_description/share/simple_robot_description/models
[2.078s] symbolically linking /home/rakhi/ros2_ws/build/simple_robot_description/models/arm_1dof/joints.xacro -> /home/rakhi/ros2_ws/install/simple_robot_description/share/simple_robot_description/models
[2.079s] symbolically linking /home/rakhi/ros2_ws/build/simple_robot_description/models/track/model.sdf -> /home/rakhi/ros2_ws/install/simple_robot_description/share/simple_robot_description/models
[2.079s] creating /home/rakhi/ros2_ws/install/simple_robot_description/share/simple_robot_description/rviz
[2.079s] symbolically linking /home/rakhi/ros2_ws/build/simple_robot_description/rviz/arm.rviz -> /home/rakhi/ros2_ws/install/simple_robot_description/share/simple_robot_description/rviz
[2.079s] creating /home/rakhi/ros2_ws/install/simple_robot_description/share/simple_robot_description/config
[2.079s] symbolically linking /home/rakhi/ros2_ws/build/simple_robot_description/config/arm_1dof.yaml -> /home/rakhi/ros2_ws/install/simple_robot_description/share/simple_robot_description/config
[2.079s] creating /home/rakhi/ros2_ws/install/simple_robot_description/share/simple_robot_description/worlds
[2.080s] symbolically linking /home/rakhi/ros2_ws/build/simple_robot_description/worlds/empty.world -> /home/rakhi/ros2_ws/install/simple_robot_description/share/simple_robot_description/worlds
[2.253s] Invoked command in '/home/rakhi/ros2_ws/build/simple_robot_description' returned '0': PYTHONPATH=/home/rakhi/ros2_ws/build/simple_robot_description/prefix_override:/usr/lib/python3/dist-packages/colcon_core/task/python/colcon_distutils_commands:/home/rakhi/ros2_ws/install/simple_robot_description/lib/python3.10/site-packages:${PYTHONPATH} /usr/bin/python3 -W ignore:setup.py install is deprecated -W ignore:easy_install command is deprecated setup.py develop --editable --build-directory /home/rakhi/ros2_ws/build/simple_robot_description/build --no-deps symlink_data
