/home/rakhi/ros2_ws/install/simple_robot_description/lib/python3.10/site-packages/simple_robot_description/joint_commander.py
/home/rakhi/ros2_ws/install/simple_robot_description/lib/python3.10/site-packages/simple_robot_description/__init__.py
/home/rakhi/ros2_ws/install/simple_robot_description/lib/python3.10/site-packages/simple_robot_description/__pycache__/joint_commander.cpython-310.pyc
/home/rakhi/ros2_ws/install/simple_robot_description/lib/python3.10/site-packages/simple_robot_description/__pycache__/__init__.cpython-310.pyc
/home/rakhi/ros2_ws/install/simple_robot_description/share/ament_index/resource_index/packages/simple_robot_description
/home/rakhi/ros2_ws/install/simple_robot_description/share/simple_robot_description/package.xml
/home/rakhi/ros2_ws/install/simple_robot_description/share/simple_robot_description/launch/rviz.launch.py
/home/rakhi/ros2_ws/install/simple_robot_description/share/simple_robot_description/launch/gazebo.launch.py
/home/rakhi/ros2_ws/install/simple_robot_description/share/simple_robot_description/models/macros.xacro
/home/rakhi/ros2_ws/install/simple_robot_description/share/simple_robot_description/models/materials.xacro
/home/rakhi/ros2_ws/install/simple_robot_description/share/simple_robot_description/models/arm_1dof.xacro
/home/rakhi/ros2_ws/install/simple_robot_description/share/simple_robot_description/models/joints.xacro
/home/rakhi/ros2_ws/install/simple_robot_description/share/simple_robot_description/models/model.sdf
/home/rakhi/ros2_ws/install/simple_robot_description/share/simple_robot_description/rviz/arm.rviz
/home/rakhi/ros2_ws/install/simple_robot_description/share/simple_robot_description/config/arm_1dof.yaml
/home/rakhi/ros2_ws/install/simple_robot_description/share/simple_robot_description/worlds/empty.world
/home/rakhi/ros2_ws/install/simple_robot_description/lib/python3.10/site-packages/simple_robot_description-0.0.0-py3.10.egg-info/entry_points.txt
/home/rakhi/ros2_ws/install/simple_robot_description/lib/python3.10/site-packages/simple_robot_description-0.0.0-py3.10.egg-info/SOURCES.txt
/home/rakhi/ros2_ws/install/simple_robot_description/lib/python3.10/site-packages/simple_robot_description-0.0.0-py3.10.egg-info/dependency_links.txt
/home/rakhi/ros2_ws/install/simple_robot_description/lib/python3.10/site-packages/simple_robot_description-0.0.0-py3.10.egg-info/zip-safe
/home/rakhi/ros2_ws/install/simple_robot_description/lib/python3.10/site-packages/simple_robot_description-0.0.0-py3.10.egg-info/PKG-INFO
/home/rakhi/ros2_ws/install/simple_robot_description/lib/python3.10/site-packages/simple_robot_description-0.0.0-py3.10.egg-info/requires.txt
/home/rakhi/ros2_ws/install/simple_robot_description/lib/python3.10/site-packages/simple_robot_description-0.0.0-py3.10.egg-info/top_level.txt
/home/rakhi/ros2_ws/install/simple_robot_description/lib/simple_robot_description/joint_commander
