[1.139s] Invoking command in '/home/rakhi/ros2_ws/line_following_robot_ros2/src/simple_robot_description': PYTHONPATH=/home/rakhi/ros2_ws/build/simple_robot_description/prefix_override:/usr/lib/python3/dist-packages/colcon_core/task/python/colcon_distutils_commands:/home/rakhi/ros2_ws/install/simple_robot_description/lib/python3.10/site-packages:${PYTHONPATH} /usr/bin/python3 -W ignore:setup.py install is deprecated -W ignore:easy_install command is deprecated setup.py egg_info --egg-base ../../../build/simple_robot_description build --build-base /home/rakhi/ros2_ws/build/simple_robot_description/build install --record /home/rakhi/ros2_ws/build/simple_robot_description/install.log --single-version-externally-managed install_data
[1.426s] running egg_info
[1.428s] writing ../../../build/simple_robot_description/simple_robot_description.egg-info/PKG-INFO
[1.439s] writing dependency_links to ../../../build/simple_robot_description/simple_robot_description.egg-info/dependency_links.txt
[1.439s] writing entry points to ../../../build/simple_robot_description/simple_robot_description.egg-info/entry_points.txt
[1.445s] writing requirements to ../../../build/simple_robot_description/simple_robot_description.egg-info/requires.txt
[1.445s] writing top-level names to ../../../build/simple_robot_description/simple_robot_description.egg-info/top_level.txt
[1.466s] reading manifest file '../../../build/simple_robot_description/simple_robot_description.egg-info/SOURCES.txt'
[1.474s] writing manifest file '../../../build/simple_robot_description/simple_robot_description.egg-info/SOURCES.txt'
[1.476s] running build
[1.476s] running build_py
[1.476s] copying simple_robot_description/joint_commander.py -> /home/rakhi/ros2_ws/build/simple_robot_description/build/lib/simple_robot_description
[1.478s] running install
[1.481s] running install_lib
[1.483s] copying /home/rakhi/ros2_ws/build/simple_robot_description/build/lib/simple_robot_description/joint_commander.py -> /home/rakhi/ros2_ws/install/simple_robot_description/lib/python3.10/site-packages/simple_robot_description
[1.489s] byte-compiling /home/rakhi/ros2_ws/install/simple_robot_description/lib/python3.10/site-packages/simple_robot_description/joint_commander.py to joint_commander.cpython-310.pyc
[1.507s] running install_data
[1.508s] running install_egg_info
[1.512s] removing '/home/rakhi/ros2_ws/install/simple_robot_description/lib/python3.10/site-packages/simple_robot_description-0.0.0-py3.10.egg-info' (and everything under it)
[1.514s] Copying ../../../build/simple_robot_description/simple_robot_description.egg-info to /home/rakhi/ros2_ws/install/simple_robot_description/lib/python3.10/site-packages/simple_robot_description-0.0.0-py3.10.egg-info
[1.516s] running install_scripts
[1.542s] Installing joint_commander script to /home/rakhi/ros2_ws/install/simple_robot_description/lib/simple_robot_description
[1.543s] writing list of installed files to '/home/rakhi/ros2_ws/build/simple_robot_description/install.log'
[1.596s] Invoked command in '/home/rakhi/ros2_ws/line_following_robot_ros2/src/simple_robot_description' returned '0': PYTHONPATH=/home/rakhi/ros2_ws/build/simple_robot_description/prefix_override:/usr/lib/python3/dist-packages/colcon_core/task/python/colcon_distutils_commands:/home/rakhi/ros2_ws/install/simple_robot_description/lib/python3.10/site-packages:${PYTHONPATH} /usr/bin/python3 -W ignore:setup.py install is deprecated -W ignore:easy_install command is deprecated setup.py egg_info --egg-base ../../../build/simple_robot_description build --build-base /home/rakhi/ros2_ws/build/simple_robot_description/build install --record /home/rakhi/ros2_ws/build/simple_robot_description/install.log --single-version-externally-managed install_data
