running develop
Removing /home/rakhi/ros2_ws/install/simple_robot_description/lib/python3.10/site-packages/simple-robot-description.egg-link (link to .)
running egg_info
writing ../../../build/simple_robot_description/simple_robot_description.egg-info/PKG-INFO
writing dependency_links to ../../../build/simple_robot_description/simple_robot_description.egg-info/dependency_links.txt
writing entry points to ../../../build/simple_robot_description/simple_robot_description.egg-info/entry_points.txt
writing requirements to ../../../build/simple_robot_description/simple_robot_description.egg-info/requires.txt
writing top-level names to ../../../build/simple_robot_description/simple_robot_description.egg-info/top_level.txt
reading manifest file '../../../build/simple_robot_description/simple_robot_description.egg-info/SOURCES.txt'
writing manifest file '../../../build/simple_robot_description/simple_robot_description.egg-info/SOURCES.txt'
running build
running build_py
creating /home/rakhi/ros2_ws/build/simple_robot_description/build
creating /home/rakhi/ros2_ws/build/simple_robot_description/build/lib
creating /home/rakhi/ros2_ws/build/simple_robot_description/build/lib/simple_robot_description
copying simple_robot_description/joint_commander.py -> /home/rakhi/ros2_ws/build/simple_robot_description/build/lib/simple_robot_description
copying simple_robot_description/__init__.py -> /home/rakhi/ros2_ws/build/simple_robot_description/build/lib/simple_robot_description
running install
running install_lib
creating /home/rakhi/ros2_ws/install/simple_robot_description/lib/python3.10/site-packages/simple_robot_description
copying /home/rakhi/ros2_ws/build/simple_robot_description/build/lib/simple_robot_description/joint_commander.py -> /home/rakhi/ros2_ws/install/simple_robot_description/lib/python3.10/site-packages/simple_robot_description
copying /home/rakhi/ros2_ws/build/simple_robot_description/build/lib/simple_robot_description/__init__.py -> /home/rakhi/ros2_ws/install/simple_robot_description/lib/python3.10/site-packages/simple_robot_description
byte-compiling /home/rakhi/ros2_ws/install/simple_robot_description/lib/python3.10/site-packages/simple_robot_description/joint_commander.py to joint_commander.cpython-310.pyc
byte-compiling /home/rakhi/ros2_ws/install/simple_robot_description/lib/python3.10/site-packages/simple_robot_description/__init__.py to __init__.cpython-310.pyc
running install_data
copying resource/simple_robot_description -> /home/rakhi/ros2_ws/install/simple_robot_description/share/ament_index/resource_index/packages
copying package.xml -> /home/rakhi/ros2_ws/install/simple_robot_description/share/simple_robot_description
copying launch/rviz.launch.py -> /home/rakhi/ros2_ws/install/simple_robot_description/share/simple_robot_description/launch
copying launch/gazebo.launch.py -> /home/rakhi/ros2_ws/install/simple_robot_description/share/simple_robot_description/launch
copying models/arm_1dof/macros.xacro -> /home/rakhi/ros2_ws/install/simple_robot_description/share/simple_robot_description/models
copying models/arm_1dof/materials.xacro -> /home/rakhi/ros2_ws/install/simple_robot_description/share/simple_robot_description/models
copying models/arm_1dof/arm_1dof.xacro -> /home/rakhi/ros2_ws/install/simple_robot_description/share/simple_robot_description/models
copying models/arm_1dof/joints.xacro -> /home/rakhi/ros2_ws/install/simple_robot_description/share/simple_robot_description/models
copying models/track/model.sdf -> /home/rakhi/ros2_ws/install/simple_robot_description/share/simple_robot_description/models
copying rviz/arm.rviz -> /home/rakhi/ros2_ws/install/simple_robot_description/share/simple_robot_description/rviz
copying config/arm_1dof.yaml -> /home/rakhi/ros2_ws/install/simple_robot_description/share/simple_robot_description/config
copying worlds/empty.world -> /home/rakhi/ros2_ws/install/simple_robot_description/share/simple_robot_description/worlds
running install_egg_info
Copying ../../../build/simple_robot_description/simple_robot_description.egg-info to /home/rakhi/ros2_ws/install/simple_robot_description/lib/python3.10/site-packages/simple_robot_description-0.0.0-py3.10.egg-info
running install_scripts
Installing joint_commander script to /home/rakhi/ros2_ws/install/simple_robot_description/lib/simple_robot_description
writing list of installed files to '/home/rakhi/ros2_ws/build/simple_robot_description/install.log'
