[0.000000] (-) TimerEvent: {}
[0.019158] (simple_robot_description) JobQueued: {'identifier': 'simple_robot_description', 'dependencies': OrderedDict()}
[0.019267] (simple_robot_description) JobStarted: {'identifier': 'simple_robot_description'}
[0.105015] (-) TimerEvent: {}
[0.214321] (-) TimerEvent: {}
[0.351437] (-) TimerEvent: {}
[0.460154] (-) TimerEvent: {}
[0.564398] (-) TimerEvent: {}
[0.684466] (-) TimerEvent: {}
[0.825779] (-) TimerEvent: {}
[1.109603] (-) TimerEvent: {}
[1.217357] (-) TimerEvent: {}
[1.346518] (-) TimerEvent: {}
[1.453836] (-) TimerEvent: {}
[1.556204] (-) TimerEvent: {}
[1.677398] (-) TimerEvent: {}
[1.778875] (-) TimerEvent: {}
[1.881203] (-) TimerEvent: {}
[1.986550] (-) TimerEvent: {}
[2.089195] (-) TimerEvent: {}
[2.193673] (-) TimerEvent: {}
[2.323251] (-) TimerEvent: {}
[2.462058] (-) TimerEvent: {}
[2.569959] (-) TimerEvent: {}
[2.673285] (-) TimerEvent: {}
[2.782601] (-) TimerEvent: {}
[2.887177] (-) TimerEvent: {}
[2.987780] (-) TimerEvent: {}
[3.091181] (-) TimerEvent: {}
[3.192821] (-) TimerEvent: {}
[3.306600] (-) TimerEvent: {}
[3.408108] (-) TimerEvent: {}
[3.511728] (-) TimerEvent: {}
[3.613183] (-) TimerEvent: {}
[3.714078] (-) TimerEvent: {}
[3.830135] (-) TimerEvent: {}
[3.939278] (-) TimerEvent: {}
[4.040781] (-) TimerEvent: {}
[4.141368] (-) TimerEvent: {}
[4.262512] (-) TimerEvent: {}
[4.365899] (-) TimerEvent: {}
[4.470635] (-) TimerEvent: {}
[4.572644] (-) TimerEvent: {}
[4.681008] (-) TimerEvent: {}
[4.787128] (-) TimerEvent: {}
[4.903950] (-) TimerEvent: {}
[5.014585] (-) TimerEvent: {}
[5.117449] (-) TimerEvent: {}
[5.128409] (simple_robot_description) Command: {'cmd': ['/usr/bin/python3', '-W', 'ignore:setup.py install is deprecated', '-W', 'ignore:easy_install command is deprecated', 'setup.py', 'egg_info', '--egg-base', '../../../build/simple_robot_description', 'build', '--build-base', '/home/rakhi/ros2_ws/build/simple_robot_description/build', 'install', '--record', '/home/rakhi/ros2_ws/build/simple_robot_description/install.log', '--single-version-externally-managed', 'install_data'], 'cwd': '/home/rakhi/ros2_ws/line_following_robot_ros2/src/simple_robot_description', 'env': {'LANGUAGE': 'en_IN:en', 'USER': 'rakhi', 'XDG_SESSION_TYPE': 'wayland', 'SHLVL': '1', 'LD_LIBRARY_PATH': '/usr/lib/x86_64-linux-gnu/gazebo-11/plugins:/opt/ros/humble/opt/rviz_ogre_vendor/lib:/opt/ros/humble/lib/x86_64-linux-gnu:/opt/ros/humble/lib', 'HOME': '/home/rakhi', 'DESKTOP_SESSION': 'ubuntu', 'PYENV_SHELL': 'bash', 'ROS_PYTHON_VERSION': '3', 'GNOME_SHELL_SESSION_MODE': 'ubuntu', 'GTK_MODULES': 'gail:atk-bridge', 'SYSTEMD_EXEC_PID': '3214', 'DBUS_SESSION_BUS_ADDRESS': 'unix:path=/run/user/1000/bus', 'COLORTERM': 'truecolor', 'IM_CONFIG_PHASE': '1', 'WAYLAND_DISPLAY': 'wayland-0', 'COLCON_PREFIX_PATH': '/home/rakhi/ros2_ws/install', 'ROS_DISTRO': 'humble', 'LOGNAME': 'rakhi', '_': '/usr/bin/colcon', 'ROS_VERSION': '2', 'XDG_SESSION_CLASS': 'user', 'USERNAME': 'rakhi', 'TERM': 'xterm-256color', 'GAZEBO_MODEL_PATH': '/home/rakhi/project/line_following_robot_ros2/src/simple_robot_description/models:/home/rakhi/ros2_ws/line_following_robot_ros2/src/simple_robot_description/models:/home/rakhi/ros2_ws/src/line_following_robot_ros2/src/simple_robot_description/models::/home/rakhi/ros2_ws/src/ros2-line-follower/follower/models', 'GNOME_DESKTOP_SESSION_ID': 'this-is-deprecated', 'ROS_LOCALHOST_ONLY': '0', 'PATH': '/home/rakhi/.pyenv/shims:/home/rakhi/.pyenv/bin:/opt/ros/humble/bin:/usr/local/sbin:/usr/local/bin:/usr/sbin:/usr/bin:/sbin:/bin:/usr/games:/usr/local/games:/snap/bin:/snap/bin', 'SESSION_MANAGER': 'local/rakhi:@/tmp/.ICE-unix/2517,unix/rakhi:/tmp/.ICE-unix/2517', 'XDG_MENU_PREFIX': 'gnome-', 'GNOME_TERMINAL_SCREEN': '/org/gnome/Terminal/screen/0bc4ebf3_afe3_4677_beb4_bacdda20488b', 'GNOME_SETUP_DISPLAY': ':1', 'XDG_RUNTIME_DIR': '/run/user/1000', 'DISPLAY': ':0', 'LANG': 'en_US.UTF-8', 'XDG_CURRENT_DESKTOP': 'ubuntu:GNOME', 'XMODIFIERS': '@im=ibus', 'XDG_SESSION_DESKTOP': 'ubuntu', 'XAUTHORITY': '/run/user/1000/.mutter-Xwaylandauth.UZFF52', 'GNOME_TERMINAL_SERVICE': ':1.105', 'SSH_AGENT_LAUNCHER': 'gnome-keyring', 'SSH_AUTH_SOCK': '/run/user/1000/keyring/ssh', 'ROS_DOMAIN_ID': '30', 'AMENT_PREFIX_PATH': '/home/rakhi/ros2_ws/install/simple_robot_description:/opt/ros/humble', 'SHELL': '/bin/bash', 'QT_ACCESSIBILITY': '1', 'GDMSESSION': 'ubuntu', 'QT_IM_MODULE': 'ibus', 'PWD': '/home/rakhi/ros2_ws/build/simple_robot_description', 'TURTLEBOT3_MODEL': 'waffle', 'LC_ALL': 'en_US.UTF-8', 'XDG_CONFIG_DIRS': '/etc/xdg/xdg-ubuntu:/etc/xdg', 'PYENV_ROOT': '/home/rakhi/.pyenv', 'XDG_DATA_DIRS': '/usr/share/ubuntu:/usr/local/share/:/usr/share/:/var/lib/snapd/desktop', 'PYTHONPATH': '/home/rakhi/ros2_ws/build/simple_robot_description/prefix_override:/usr/lib/python3/dist-packages/colcon_core/task/python/colcon_distutils_commands:/home/rakhi/ros2_ws/install/simple_robot_description/lib/python3.10/site-packages:/home/rakhi/ros2_ws/install/simple_robot_description/lib/python3.10/site-packages:/opt/ros/humble/lib/python3.10/site-packages:/opt/ros/humble/local/lib/python3.10/dist-packages', 'COLCON': '1', 'VTE_VERSION': '6800'}, 'shell': False}
[5.221094] (-) TimerEvent: {}
[5.328861] (-) TimerEvent: {}
[5.430346] (-) TimerEvent: {}
[5.535055] (-) TimerEvent: {}
[5.639437] (-) TimerEvent: {}
[5.744726] (-) TimerEvent: {}
[5.852093] (-) TimerEvent: {}
[5.954286] (-) TimerEvent: {}
[6.063250] (-) TimerEvent: {}
[6.164545] (-) TimerEvent: {}
[6.266171] (-) TimerEvent: {}
[6.373870] (-) TimerEvent: {}
[6.483449] (-) TimerEvent: {}
[6.591965] (-) TimerEvent: {}
[6.695758] (-) TimerEvent: {}
[6.804586] (-) TimerEvent: {}
[6.905247] (-) TimerEvent: {}
[6.948117] (simple_robot_description) StdoutLine: {'line': b'running egg_info\n'}
[6.948460] (simple_robot_description) StdoutLine: {'line': b'writing ../../../build/simple_robot_description/simple_robot_description.egg-info/PKG-INFO\n'}
[6.952107] (simple_robot_description) StdoutLine: {'line': b'writing dependency_links to ../../../build/simple_robot_description/simple_robot_description.egg-info/dependency_links.txt\n'}
[6.952194] (simple_robot_description) StdoutLine: {'line': b'writing entry points to ../../../build/simple_robot_description/simple_robot_description.egg-info/entry_points.txt\n'}
[6.952249] (simple_robot_description) StdoutLine: {'line': b'writing requirements to ../../../build/simple_robot_description/simple_robot_description.egg-info/requires.txt\n'}
[6.952301] (simple_robot_description) StdoutLine: {'line': b'writing top-level names to ../../../build/simple_robot_description/simple_robot_description.egg-info/top_level.txt\n'}
[6.959854] (simple_robot_description) StdoutLine: {'line': b"reading manifest file '../../../build/simple_robot_description/simple_robot_description.egg-info/SOURCES.txt'\n"}
[6.965840] (simple_robot_description) StdoutLine: {'line': b"writing manifest file '../../../build/simple_robot_description/simple_robot_description.egg-info/SOURCES.txt'\n"}
[6.972864] (simple_robot_description) StdoutLine: {'line': b'running build\n'}
[6.973514] (simple_robot_description) StdoutLine: {'line': b'running build_py\n'}
[7.004281] (simple_robot_description) StdoutLine: {'line': b'running install\n'}
[7.004588] (simple_robot_description) StdoutLine: {'line': b'running install_lib\n'}
[7.005995] (simple_robot_description) StdoutLine: {'line': b'running install_data\n'}
[7.006176] (-) TimerEvent: {}
[7.007038] (simple_robot_description) StdoutLine: {'line': b'running install_egg_info\n'}
[7.023000] (simple_robot_description) StdoutLine: {'line': b"removing '/home/rakhi/ros2_ws/install/simple_robot_description/lib/python3.10/site-packages/simple_robot_description-0.0.0-py3.10.egg-info' (and everything under it)\n"}
[7.023772] (simple_robot_description) StdoutLine: {'line': b'Copying ../../../build/simple_robot_description/simple_robot_description.egg-info to /home/rakhi/ros2_ws/install/simple_robot_description/lib/python3.10/site-packages/simple_robot_description-0.0.0-py3.10.egg-info\n'}
[7.067636] (simple_robot_description) StdoutLine: {'line': b'running install_scripts\n'}
[7.108217] (-) TimerEvent: {}
[7.220234] (-) TimerEvent: {}
[7.252655] (simple_robot_description) StdoutLine: {'line': b'Installing joint_commander script to /home/rakhi/ros2_ws/install/simple_robot_description/lib/simple_robot_description\n'}
[7.262591] (simple_robot_description) StdoutLine: {'line': b"writing list of installed files to '/home/rakhi/ros2_ws/build/simple_robot_description/install.log'\n"}
[7.323818] (-) TimerEvent: {}
[7.427509] (-) TimerEvent: {}
[7.534518] (-) TimerEvent: {}
[7.609643] (simple_robot_description) CommandEnded: {'returncode': 0}
[7.636654] (-) TimerEvent: {}
[7.715012] (simple_robot_description) JobEnded: {'identifier': 'simple_robot_description', 'rc': 0}
[7.723584] (-) EventReactorShutdown: {}
