[1.072s] DEBUG:colcon:Command line arguments: ['/usr/bin/colcon', 'build']
[1.073s] DEBUG:colcon:Parsed command line arguments: Namespace(log_base=None, log_level=None, verb_name='build', build_base='build', install_base='install', merge_install=False, symlink_install=False, test_result_base=None, continue_on_error=False, executor='parallel', parallel_workers=2, event_handlers=None, ignore_user_meta=False, metas=['./colcon.meta'], base_paths=['.'], packages_ignore=None, packages_ignore_regex=None, paths=None, packages_up_to=None, packages_up_to_regex=None, packages_above=None, packages_above_and_dependencies=None, packages_above_depth=None, packages_select_by_dep=None, packages_skip_by_dep=None, packages_skip_up_to=None, packages_select_build_failed=False, packages_skip_build_finished=False, packages_select_test_failures=False, packages_skip_test_passed=False, packages_select=None, packages_skip=None, packages_select_regex=None, packages_skip_regex=None, packages_start=None, packages_end=None, allow_overriding=[], cmake_args=None, cmake_target=None, cmake_target_skip_unavailable=False, cmake_clean_cache=False, cmake_clean_first=False, cmake_force_configure=False, ament_cmake_args=None, catkin_cmake_args=None, catkin_skip_building_tests=False, mixin_files=None, mixin=None, verb_parser=<colcon_mixin.mixin.mixin_argument.MixinArgumentDecorator object at 0x71312ab1e920>, verb_extension=<colcon_core.verb.build.BuildVerb object at 0x71312ab1e470>, main=<bound method BuildVerb.main of <colcon_core.verb.build.BuildVerb object at 0x71312ab1e470>>, mixin_verb=('build',))
[2.348s] Level 1:colcon.colcon_core.package_discovery:discover_packages(colcon_meta) check parameters
[2.349s] Level 1:colcon.colcon_core.package_discovery:discover_packages(recursive) check parameters
[2.353s] Level 1:colcon.colcon_core.package_discovery:discover_packages(ignore) check parameters
[2.355s] Level 1:colcon.colcon_core.package_discovery:discover_packages(path) check parameters
[2.355s] Level 1:colcon.colcon_core.package_discovery:discover_packages(colcon_meta) discover
[2.355s] Level 1:colcon.colcon_core.package_discovery:discover_packages(recursive) discover
[2.356s] INFO:colcon.colcon_core.package_discovery:Crawling recursively for packages in '/home/rakhi/ros2_ws'
[2.357s] Level 1:colcon.colcon_core.package_identification:_identify(.) by extensions ['ignore', 'ignore_ament_install']
[2.360s] Level 1:colcon.colcon_core.package_identification:_identify(.) by extension 'ignore'
[2.361s] Level 1:colcon.colcon_core.package_identification:_identify(.) by extension 'ignore_ament_install'
[2.361s] Level 1:colcon.colcon_core.package_identification:_identify(.) by extensions ['colcon_pkg']
[2.361s] Level 1:colcon.colcon_core.package_identification:_identify(.) by extension 'colcon_pkg'
[2.362s] Level 1:colcon.colcon_core.package_identification:_identify(.) by extensions ['colcon_meta']
[2.362s] Level 1:colcon.colcon_core.package_identification:_identify(.) by extension 'colcon_meta'
[2.362s] Level 1:colcon.colcon_core.package_identification:_identify(.) by extensions ['ros']
[2.362s] Level 1:colcon.colcon_core.package_identification:_identify(.) by extension 'ros'
[2.446s] Level 1:colcon.colcon_core.package_identification:_identify(.) by extensions ['cmake', 'python']
[2.446s] Level 1:colcon.colcon_core.package_identification:_identify(.) by extension 'cmake'
[2.446s] Level 1:colcon.colcon_core.package_identification:_identify(.) by extension 'python'
[2.446s] Level 1:colcon.colcon_core.package_identification:_identify(.) by extensions ['python_setup_py']
[2.446s] Level 1:colcon.colcon_core.package_identification:_identify(.) by extension 'python_setup_py'
[2.448s] Level 1:colcon.colcon_core.package_identification:_identify(build) by extensions ['ignore', 'ignore_ament_install']
[2.449s] Level 1:colcon.colcon_core.package_identification:_identify(build) by extension 'ignore'
[2.449s] Level 1:colcon.colcon_core.package_identification:_identify(build) ignored
[2.449s] Level 1:colcon.colcon_core.package_identification:_identify(install) by extensions ['ignore', 'ignore_ament_install']
[2.450s] Level 1:colcon.colcon_core.package_identification:_identify(install) by extension 'ignore'
[2.450s] Level 1:colcon.colcon_core.package_identification:_identify(install) ignored
[2.450s] Level 1:colcon.colcon_core.package_identification:_identify(line_following_robot_ros2) by extensions ['ignore', 'ignore_ament_install']
[2.451s] Level 1:colcon.colcon_core.package_identification:_identify(line_following_robot_ros2) by extension 'ignore'
[2.451s] Level 1:colcon.colcon_core.package_identification:_identify(line_following_robot_ros2) by extension 'ignore_ament_install'
[2.451s] Level 1:colcon.colcon_core.package_identification:_identify(line_following_robot_ros2) by extensions ['colcon_pkg']
[2.451s] Level 1:colcon.colcon_core.package_identification:_identify(line_following_robot_ros2) by extension 'colcon_pkg'
[2.451s] Level 1:colcon.colcon_core.package_identification:_identify(line_following_robot_ros2) by extensions ['colcon_meta']
[2.451s] Level 1:colcon.colcon_core.package_identification:_identify(line_following_robot_ros2) by extension 'colcon_meta'
[2.451s] Level 1:colcon.colcon_core.package_identification:_identify(line_following_robot_ros2) by extensions ['ros']
[2.451s] Level 1:colcon.colcon_core.package_identification:_identify(line_following_robot_ros2) by extension 'ros'
[2.451s] Level 1:colcon.colcon_core.package_identification:_identify(line_following_robot_ros2) by extensions ['cmake', 'python']
[2.451s] Level 1:colcon.colcon_core.package_identification:_identify(line_following_robot_ros2) by extension 'cmake'
[2.451s] Level 1:colcon.colcon_core.package_identification:_identify(line_following_robot_ros2) by extension 'python'
[2.451s] Level 1:colcon.colcon_core.package_identification:_identify(line_following_robot_ros2) by extensions ['python_setup_py']
[2.451s] Level 1:colcon.colcon_core.package_identification:_identify(line_following_robot_ros2) by extension 'python_setup_py'
[2.452s] Level 1:colcon.colcon_core.package_identification:_identify(line_following_robot_ros2/src) by extensions ['ignore', 'ignore_ament_install']
[2.452s] Level 1:colcon.colcon_core.package_identification:_identify(line_following_robot_ros2/src) by extension 'ignore'
[2.452s] Level 1:colcon.colcon_core.package_identification:_identify(line_following_robot_ros2/src) by extension 'ignore_ament_install'
[2.452s] Level 1:colcon.colcon_core.package_identification:_identify(line_following_robot_ros2/src) by extensions ['colcon_pkg']
[2.452s] Level 1:colcon.colcon_core.package_identification:_identify(line_following_robot_ros2/src) by extension 'colcon_pkg'
[2.454s] Level 1:colcon.colcon_core.package_identification:_identify(line_following_robot_ros2/src) by extensions ['colcon_meta']
[2.454s] Level 1:colcon.colcon_core.package_identification:_identify(line_following_robot_ros2/src) by extension 'colcon_meta'
[2.454s] Level 1:colcon.colcon_core.package_identification:_identify(line_following_robot_ros2/src) by extensions ['ros']
[2.454s] Level 1:colcon.colcon_core.package_identification:_identify(line_following_robot_ros2/src) by extension 'ros'
[2.454s] Level 1:colcon.colcon_core.package_identification:_identify(line_following_robot_ros2/src) by extensions ['cmake', 'python']
[2.454s] Level 1:colcon.colcon_core.package_identification:_identify(line_following_robot_ros2/src) by extension 'cmake'
[2.454s] Level 1:colcon.colcon_core.package_identification:_identify(line_following_robot_ros2/src) by extension 'python'
[2.454s] Level 1:colcon.colcon_core.package_identification:_identify(line_following_robot_ros2/src) by extensions ['python_setup_py']
[2.454s] Level 1:colcon.colcon_core.package_identification:_identify(line_following_robot_ros2/src) by extension 'python_setup_py'
[2.455s] Level 1:colcon.colcon_core.package_identification:_identify(line_following_robot_ros2/src/simple_robot_description) by extensions ['ignore', 'ignore_ament_install']
[2.455s] Level 1:colcon.colcon_core.package_identification:_identify(line_following_robot_ros2/src/simple_robot_description) by extension 'ignore'
[2.455s] Level 1:colcon.colcon_core.package_identification:_identify(line_following_robot_ros2/src/simple_robot_description) by extension 'ignore_ament_install'
[2.455s] Level 1:colcon.colcon_core.package_identification:_identify(line_following_robot_ros2/src/simple_robot_description) by extensions ['colcon_pkg']
[2.455s] Level 1:colcon.colcon_core.package_identification:_identify(line_following_robot_ros2/src/simple_robot_description) by extension 'colcon_pkg'
[2.455s] Level 1:colcon.colcon_core.package_identification:_identify(line_following_robot_ros2/src/simple_robot_description) by extensions ['colcon_meta']
[2.455s] Level 1:colcon.colcon_core.package_identification:_identify(line_following_robot_ros2/src/simple_robot_description) by extension 'colcon_meta'
[2.455s] Level 1:colcon.colcon_core.package_identification:_identify(line_following_robot_ros2/src/simple_robot_description) by extensions ['ros']
[2.455s] Level 1:colcon.colcon_core.package_identification:_identify(line_following_robot_ros2/src/simple_robot_description) by extension 'ros'
[2.465s] DEBUG:colcon.colcon_core.package_identification:Package 'line_following_robot_ros2/src/simple_robot_description' with type 'ros.ament_python' and name 'simple_robot_description'
[2.466s] Level 1:colcon.colcon_core.package_identification:_identify(log) by extensions ['ignore', 'ignore_ament_install']
[2.466s] Level 1:colcon.colcon_core.package_identification:_identify(log) by extension 'ignore'
[2.466s] Level 1:colcon.colcon_core.package_identification:_identify(log) ignored
[2.466s] Level 1:colcon.colcon_core.package_discovery:discover_packages(recursive) using defaults
[2.466s] Level 1:colcon.colcon_core.package_discovery:discover_packages(ignore) discover
[2.467s] Level 1:colcon.colcon_core.package_discovery:discover_packages(ignore) using defaults
[2.467s] Level 1:colcon.colcon_core.package_discovery:discover_packages(path) discover
[2.467s] Level 1:colcon.colcon_core.package_discovery:discover_packages(path) using defaults
[2.728s] Level 1:colcon.colcon_core.package_discovery:discover_packages(prefix_path) check parameters
[2.728s] Level 1:colcon.colcon_core.package_discovery:discover_packages(prefix_path) discover
[2.740s] DEBUG:colcon.colcon_installed_package_information.package_discovery:Found 1 installed packages in /home/rakhi/ros2_ws/install
[2.745s] DEBUG:colcon.colcon_installed_package_information.package_discovery:Found 410 installed packages in /opt/ros/humble
[2.780s] Level 1:colcon.colcon_core.package_discovery:discover_packages(prefix_path) using defaults
[3.233s] Level 5:colcon.colcon_core.verb:set package 'simple_robot_description' build argument 'cmake_args' from command line to 'None'
[3.234s] Level 5:colcon.colcon_core.verb:set package 'simple_robot_description' build argument 'cmake_target' from command line to 'None'
[3.234s] Level 5:colcon.colcon_core.verb:set package 'simple_robot_description' build argument 'cmake_target_skip_unavailable' from command line to 'False'
[3.234s] Level 5:colcon.colcon_core.verb:set package 'simple_robot_description' build argument 'cmake_clean_cache' from command line to 'False'
[3.234s] Level 5:colcon.colcon_core.verb:set package 'simple_robot_description' build argument 'cmake_clean_first' from command line to 'False'
[3.234s] Level 5:colcon.colcon_core.verb:set package 'simple_robot_description' build argument 'cmake_force_configure' from command line to 'False'
[3.234s] Level 5:colcon.colcon_core.verb:set package 'simple_robot_description' build argument 'ament_cmake_args' from command line to 'None'
[3.234s] Level 5:colcon.colcon_core.verb:set package 'simple_robot_description' build argument 'catkin_cmake_args' from command line to 'None'
[3.234s] Level 5:colcon.colcon_core.verb:set package 'simple_robot_description' build argument 'catkin_skip_building_tests' from command line to 'False'
[3.234s] DEBUG:colcon.colcon_core.verb:Building package 'simple_robot_description' with the following arguments: {'ament_cmake_args': None, 'build_base': '/home/rakhi/ros2_ws/build/simple_robot_description', 'catkin_cmake_args': None, 'catkin_skip_building_tests': False, 'cmake_args': None, 'cmake_clean_cache': False, 'cmake_clean_first': False, 'cmake_force_configure': False, 'cmake_target': None, 'cmake_target_skip_unavailable': False, 'install_base': '/home/rakhi/ros2_ws/install/simple_robot_description', 'merge_install': False, 'path': '/home/rakhi/ros2_ws/line_following_robot_ros2/src/simple_robot_description', 'symlink_install': False, 'test_result_base': None}
[3.239s] INFO:colcon.colcon_core.executor:Executing jobs using 'parallel' executor
[3.259s] DEBUG:colcon.colcon_parallel_executor.executor.parallel:run_until_complete
[3.260s] INFO:colcon.colcon_ros.task.ament_python.build:Building ROS package in '/home/rakhi/ros2_ws/line_following_robot_ros2/src/simple_robot_description' with build type 'ament_python'
[3.260s] Level 1:colcon.colcon_core.shell:create_environment_hook('simple_robot_description', 'ament_prefix_path')
[3.280s] INFO:colcon.colcon_core.plugin_system:Skipping extension 'colcon_core.shell.bat': Not used on non-Windows systems
[3.280s] INFO:colcon.colcon_core.shell:Creating environment hook '/home/rakhi/ros2_ws/install/simple_robot_description/share/simple_robot_description/hook/ament_prefix_path.ps1'
[3.291s] INFO:colcon.colcon_core.shell:Creating environment descriptor '/home/rakhi/ros2_ws/install/simple_robot_description/share/simple_robot_description/hook/ament_prefix_path.dsv'
[3.299s] INFO:colcon.colcon_core.shell:Creating environment hook '/home/rakhi/ros2_ws/install/simple_robot_description/share/simple_robot_description/hook/ament_prefix_path.sh'
[3.308s] INFO:colcon.colcon_core.shell:Skip shell extension 'powershell' for command environment: Not usable outside of PowerShell
[3.308s] DEBUG:colcon.colcon_core.shell:Skip shell extension 'dsv' for command environment
[4.888s] INFO:colcon.colcon_core.task.python.build:Building Python package in '/home/rakhi/ros2_ws/line_following_robot_ros2/src/simple_robot_description'
[4.892s] INFO:colcon.colcon_core.shell:Skip shell extension 'powershell' for command environment: Not usable outside of PowerShell
[4.894s] DEBUG:colcon.colcon_core.shell:Skip shell extension 'dsv' for command environment
[8.434s] DEBUG:colcon.colcon_core.event_handler.log_command:Invoking command in '/home/rakhi/ros2_ws/line_following_robot_ros2/src/simple_robot_description': PYTHONPATH=/home/rakhi/ros2_ws/build/simple_robot_description/prefix_override:/usr/lib/python3/dist-packages/colcon_core/task/python/colcon_distutils_commands:/home/rakhi/ros2_ws/install/simple_robot_description/lib/python3.10/site-packages:${PYTHONPATH} /usr/bin/python3 -W ignore:setup.py install is deprecated -W ignore:easy_install command is deprecated setup.py egg_info --egg-base ../../../build/simple_robot_description build --build-base /home/rakhi/ros2_ws/build/simple_robot_description/build install --record /home/rakhi/ros2_ws/build/simple_robot_description/install.log --single-version-externally-managed install_data
[10.874s] DEBUG:colcon.colcon_core.event_handler.log_command:Invoked command in '/home/rakhi/ros2_ws/line_following_robot_ros2/src/simple_robot_description' returned '0': PYTHONPATH=/home/rakhi/ros2_ws/build/simple_robot_description/prefix_override:/usr/lib/python3/dist-packages/colcon_core/task/python/colcon_distutils_commands:/home/rakhi/ros2_ws/install/simple_robot_description/lib/python3.10/site-packages:${PYTHONPATH} /usr/bin/python3 -W ignore:setup.py install is deprecated -W ignore:easy_install command is deprecated setup.py egg_info --egg-base ../../../build/simple_robot_description build --build-base /home/rakhi/ros2_ws/build/simple_robot_description/build install --record /home/rakhi/ros2_ws/build/simple_robot_description/install.log --single-version-externally-managed install_data
[10.881s] Level 1:colcon.colcon_core.environment:checking '/home/rakhi/ros2_ws/install/simple_robot_description' for CMake module files
[10.888s] Level 1:colcon.colcon_core.environment:checking '/home/rakhi/ros2_ws/install/simple_robot_description' for CMake config files
[10.890s] Level 1:colcon.colcon_core.environment:checking '/home/rakhi/ros2_ws/install/simple_robot_description/lib'
[10.891s] Level 1:colcon.colcon_core.environment:checking '/home/rakhi/ros2_ws/install/simple_robot_description/bin'
[10.891s] Level 1:colcon.colcon_core.environment:checking '/home/rakhi/ros2_ws/install/simple_robot_description/lib/pkgconfig/simple_robot_description.pc'
[10.891s] Level 1:colcon.colcon_core.environment:checking '/home/rakhi/ros2_ws/install/simple_robot_description/lib/python3.10/site-packages'
[10.891s] Level 1:colcon.colcon_core.shell:create_environment_hook('simple_robot_description', 'pythonpath')
[10.892s] INFO:colcon.colcon_core.shell:Creating environment hook '/home/rakhi/ros2_ws/install/simple_robot_description/share/simple_robot_description/hook/pythonpath.ps1'
[10.894s] INFO:colcon.colcon_core.shell:Creating environment descriptor '/home/rakhi/ros2_ws/install/simple_robot_description/share/simple_robot_description/hook/pythonpath.dsv'
[10.899s] INFO:colcon.colcon_core.shell:Creating environment hook '/home/rakhi/ros2_ws/install/simple_robot_description/share/simple_robot_description/hook/pythonpath.sh'
[10.907s] Level 1:colcon.colcon_core.environment:checking '/home/rakhi/ros2_ws/install/simple_robot_description/bin'
[10.908s] Level 1:colcon.colcon_core.environment:create_environment_scripts_only(simple_robot_description)
[10.908s] INFO:colcon.colcon_core.shell:Creating package script '/home/rakhi/ros2_ws/install/simple_robot_description/share/simple_robot_description/package.ps1'
[10.920s] INFO:colcon.colcon_core.shell:Creating package descriptor '/home/rakhi/ros2_ws/install/simple_robot_description/share/simple_robot_description/package.dsv'
[10.929s] INFO:colcon.colcon_core.shell:Creating package script '/home/rakhi/ros2_ws/install/simple_robot_description/share/simple_robot_description/package.sh'
[10.941s] INFO:colcon.colcon_core.shell:Creating package script '/home/rakhi/ros2_ws/install/simple_robot_description/share/simple_robot_description/package.bash'
[10.944s] INFO:colcon.colcon_core.shell:Creating package script '/home/rakhi/ros2_ws/install/simple_robot_description/share/simple_robot_description/package.zsh'
[10.958s] Level 1:colcon.colcon_core.environment:create_file_with_runtime_dependencies(/home/rakhi/ros2_ws/install/simple_robot_description/share/colcon-core/packages/simple_robot_description)
[10.967s] DEBUG:colcon.colcon_parallel_executor.executor.parallel:closing loop
[10.968s] DEBUG:colcon.colcon_parallel_executor.executor.parallel:loop closed
[10.968s] DEBUG:colcon.colcon_parallel_executor.executor.parallel:run_until_complete finished with '0'
[10.968s] DEBUG:colcon.colcon_core.event_reactor:joining thread
[11.002s] INFO:colcon.colcon_core.plugin_system:Skipping extension 'colcon_notification.desktop_notification.terminal_notifier': Not used on non-Darwin systems
[11.003s] INFO:colcon.colcon_core.plugin_system:Skipping extension 'colcon_notification.desktop_notification.win32': Not used on non-Windows systems
[11.003s] INFO:colcon.colcon_notification.desktop_notification:Sending desktop notification using 'notify2'
[11.247s] DEBUG:colcon.colcon_core.event_reactor:joined thread
[11.252s] INFO:colcon.colcon_core.shell:Creating prefix script '/home/rakhi/ros2_ws/install/local_setup.ps1'
[11.263s] INFO:colcon.colcon_core.shell:Creating prefix util module '/home/rakhi/ros2_ws/install/_local_setup_util_ps1.py'
[11.293s] INFO:colcon.colcon_core.shell:Creating prefix chain script '/home/rakhi/ros2_ws/install/setup.ps1'
[11.296s] INFO:colcon.colcon_core.shell:Creating prefix script '/home/rakhi/ros2_ws/install/local_setup.sh'
[11.299s] INFO:colcon.colcon_core.shell:Creating prefix util module '/home/rakhi/ros2_ws/install/_local_setup_util_sh.py'
[11.302s] INFO:colcon.colcon_core.shell:Creating prefix chain script '/home/rakhi/ros2_ws/install/setup.sh'
[11.312s] INFO:colcon.colcon_core.shell:Creating prefix script '/home/rakhi/ros2_ws/install/local_setup.bash'
[11.336s] INFO:colcon.colcon_core.shell:Creating prefix chain script '/home/rakhi/ros2_ws/install/setup.bash'
[11.352s] INFO:colcon.colcon_core.shell:Creating prefix script '/home/rakhi/ros2_ws/install/local_setup.zsh'
[11.362s] INFO:colcon.colcon_core.shell:Creating prefix chain script '/home/rakhi/ros2_ws/install/setup.zsh'
