[0.959s] DEBUG:colcon:Command line arguments: ['/usr/bin/colcon', 'build']
[0.959s] DEBUG:colcon:Parsed command line arguments: Namespace(log_base=None, log_level=None, verb_name='build', build_base='build', install_base='install', merge_install=False, symlink_install=False, test_result_base=None, continue_on_error=False, executor='parallel', parallel_workers=2, event_handlers=None, ignore_user_meta=False, metas=['./colcon.meta'], base_paths=['.'], packages_ignore=None, packages_ignore_regex=None, paths=None, packages_up_to=None, packages_up_to_regex=None, packages_above=None, packages_above_and_dependencies=None, packages_above_depth=None, packages_select_by_dep=None, packages_skip_by_dep=None, packages_skip_up_to=None, packages_select_build_failed=False, packages_skip_build_finished=False, packages_select_test_failures=False, packages_skip_test_passed=False, packages_select=None, packages_skip=None, packages_select_regex=None, packages_skip_regex=None, packages_start=None, packages_end=None, allow_overriding=[], cmake_args=None, cmake_target=None, cmake_target_skip_unavailable=False, cmake_clean_cache=False, cmake_clean_first=False, cmake_force_configure=False, ament_cmake_args=None, catkin_cmake_args=None, catkin_skip_building_tests=False, mixin_files=None, mixin=None, verb_parser=<colcon_mixin.mixin.mixin_argument.MixinArgumentDecorator object at 0x707c57176920>, verb_extension=<colcon_core.verb.build.BuildVerb object at 0x707c57176470>, main=<bound method BuildVerb.main of <colcon_core.verb.build.BuildVerb object at 0x707c57176470>>, mixin_verb=('build',))
[1.664s] Level 1:colcon.colcon_core.package_discovery:discover_packages(colcon_meta) check parameters
[1.664s] Level 1:colcon.colcon_core.package_discovery:discover_packages(recursive) check parameters
[1.664s] Level 1:colcon.colcon_core.package_discovery:discover_packages(ignore) check parameters
[1.664s] Level 1:colcon.colcon_core.package_discovery:discover_packages(path) check parameters
[1.664s] Level 1:colcon.colcon_core.package_discovery:discover_packages(colcon_meta) discover
[1.664s] Level 1:colcon.colcon_core.package_discovery:discover_packages(recursive) discover
[1.664s] INFO:colcon.colcon_core.package_discovery:Crawling recursively for packages in '/home/rakhi/ros2_ws'
[1.664s] Level 1:colcon.colcon_core.package_identification:_identify(.) by extensions ['ignore', 'ignore_ament_install']
[1.665s] Level 1:colcon.colcon_core.package_identification:_identify(.) by extension 'ignore'
[1.665s] Level 1:colcon.colcon_core.package_identification:_identify(.) by extension 'ignore_ament_install'
[1.665s] Level 1:colcon.colcon_core.package_identification:_identify(.) by extensions ['colcon_pkg']
[1.665s] Level 1:colcon.colcon_core.package_identification:_identify(.) by extension 'colcon_pkg'
[1.665s] Level 1:colcon.colcon_core.package_identification:_identify(.) by extensions ['colcon_meta']
[1.665s] Level 1:colcon.colcon_core.package_identification:_identify(.) by extension 'colcon_meta'
[1.665s] Level 1:colcon.colcon_core.package_identification:_identify(.) by extensions ['ros']
[1.665s] Level 1:colcon.colcon_core.package_identification:_identify(.) by extension 'ros'
[1.699s] Level 1:colcon.colcon_core.package_identification:_identify(.) by extensions ['cmake', 'python']
[1.700s] Level 1:colcon.colcon_core.package_identification:_identify(.) by extension 'cmake'
[1.700s] Level 1:colcon.colcon_core.package_identification:_identify(.) by extension 'python'
[1.700s] Level 1:colcon.colcon_core.package_identification:_identify(.) by extensions ['python_setup_py']
[1.700s] Level 1:colcon.colcon_core.package_identification:_identify(.) by extension 'python_setup_py'
[1.701s] Level 1:colcon.colcon_core.package_identification:_identify(build) by extensions ['ignore', 'ignore_ament_install']
[1.702s] Level 1:colcon.colcon_core.package_identification:_identify(build) by extension 'ignore'
[1.702s] Level 1:colcon.colcon_core.package_identification:_identify(build) ignored
[1.702s] Level 1:colcon.colcon_core.package_identification:_identify(install) by extensions ['ignore', 'ignore_ament_install']
[1.702s] Level 1:colcon.colcon_core.package_identification:_identify(install) by extension 'ignore'
[1.702s] Level 1:colcon.colcon_core.package_identification:_identify(install) ignored
[1.703s] Level 1:colcon.colcon_core.package_identification:_identify(line_following_robot_ros2) by extensions ['ignore', 'ignore_ament_install']
[1.704s] Level 1:colcon.colcon_core.package_identification:_identify(line_following_robot_ros2) by extension 'ignore'
[1.704s] Level 1:colcon.colcon_core.package_identification:_identify(line_following_robot_ros2) by extension 'ignore_ament_install'
[1.704s] Level 1:colcon.colcon_core.package_identification:_identify(line_following_robot_ros2) by extensions ['colcon_pkg']
[1.704s] Level 1:colcon.colcon_core.package_identification:_identify(line_following_robot_ros2) by extension 'colcon_pkg'
[1.704s] Level 1:colcon.colcon_core.package_identification:_identify(line_following_robot_ros2) by extensions ['colcon_meta']
[1.704s] Level 1:colcon.colcon_core.package_identification:_identify(line_following_robot_ros2) by extension 'colcon_meta'
[1.704s] Level 1:colcon.colcon_core.package_identification:_identify(line_following_robot_ros2) by extensions ['ros']
[1.704s] Level 1:colcon.colcon_core.package_identification:_identify(line_following_robot_ros2) by extension 'ros'
[1.705s] Level 1:colcon.colcon_core.package_identification:_identify(line_following_robot_ros2) by extensions ['cmake', 'python']
[1.705s] Level 1:colcon.colcon_core.package_identification:_identify(line_following_robot_ros2) by extension 'cmake'
[1.705s] Level 1:colcon.colcon_core.package_identification:_identify(line_following_robot_ros2) by extension 'python'
[1.705s] Level 1:colcon.colcon_core.package_identification:_identify(line_following_robot_ros2) by extensions ['python_setup_py']
[1.705s] Level 1:colcon.colcon_core.package_identification:_identify(line_following_robot_ros2) by extension 'python_setup_py'
[1.706s] Level 1:colcon.colcon_core.package_identification:_identify(line_following_robot_ros2/src) by extensions ['ignore', 'ignore_ament_install']
[1.706s] Level 1:colcon.colcon_core.package_identification:_identify(line_following_robot_ros2/src) by extension 'ignore'
[1.706s] Level 1:colcon.colcon_core.package_identification:_identify(line_following_robot_ros2/src) by extension 'ignore_ament_install'
[1.706s] Level 1:colcon.colcon_core.package_identification:_identify(line_following_robot_ros2/src) by extensions ['colcon_pkg']
[1.706s] Level 1:colcon.colcon_core.package_identification:_identify(line_following_robot_ros2/src) by extension 'colcon_pkg'
[1.706s] Level 1:colcon.colcon_core.package_identification:_identify(line_following_robot_ros2/src) by extensions ['colcon_meta']
[1.706s] Level 1:colcon.colcon_core.package_identification:_identify(line_following_robot_ros2/src) by extension 'colcon_meta'
[1.706s] Level 1:colcon.colcon_core.package_identification:_identify(line_following_robot_ros2/src) by extensions ['ros']
[1.706s] Level 1:colcon.colcon_core.package_identification:_identify(line_following_robot_ros2/src) by extension 'ros'
[1.706s] Level 1:colcon.colcon_core.package_identification:_identify(line_following_robot_ros2/src) by extensions ['cmake', 'python']
[1.706s] Level 1:colcon.colcon_core.package_identification:_identify(line_following_robot_ros2/src) by extension 'cmake'
[1.706s] Level 1:colcon.colcon_core.package_identification:_identify(line_following_robot_ros2/src) by extension 'python'
[1.707s] Level 1:colcon.colcon_core.package_identification:_identify(line_following_robot_ros2/src) by extensions ['python_setup_py']
[1.707s] Level 1:colcon.colcon_core.package_identification:_identify(line_following_robot_ros2/src) by extension 'python_setup_py'
[1.708s] Level 1:colcon.colcon_core.package_identification:_identify(line_following_robot_ros2/src/simple_robot_description) by extensions ['ignore', 'ignore_ament_install']
[1.708s] Level 1:colcon.colcon_core.package_identification:_identify(line_following_robot_ros2/src/simple_robot_description) by extension 'ignore'
[1.708s] Level 1:colcon.colcon_core.package_identification:_identify(line_following_robot_ros2/src/simple_robot_description) by extension 'ignore_ament_install'
[1.708s] Level 1:colcon.colcon_core.package_identification:_identify(line_following_robot_ros2/src/simple_robot_description) by extensions ['colcon_pkg']
[1.708s] Level 1:colcon.colcon_core.package_identification:_identify(line_following_robot_ros2/src/simple_robot_description) by extension 'colcon_pkg'
[1.708s] Level 1:colcon.colcon_core.package_identification:_identify(line_following_robot_ros2/src/simple_robot_description) by extensions ['colcon_meta']
[1.708s] Level 1:colcon.colcon_core.package_identification:_identify(line_following_robot_ros2/src/simple_robot_description) by extension 'colcon_meta'
[1.708s] Level 1:colcon.colcon_core.package_identification:_identify(line_following_robot_ros2/src/simple_robot_description) by extensions ['ros']
[1.708s] Level 1:colcon.colcon_core.package_identification:_identify(line_following_robot_ros2/src/simple_robot_description) by extension 'ros'
[1.722s] DEBUG:colcon.colcon_core.package_identification:Package 'line_following_robot_ros2/src/simple_robot_description' with type 'ros.ament_python' and name 'simple_robot_description'
[1.723s] Level 1:colcon.colcon_core.package_identification:_identify(log) by extensions ['ignore', 'ignore_ament_install']
[1.723s] Level 1:colcon.colcon_core.package_identification:_identify(log) by extension 'ignore'
[1.723s] Level 1:colcon.colcon_core.package_identification:_identify(log) ignored
[1.723s] Level 1:colcon.colcon_core.package_discovery:discover_packages(recursive) using defaults
[1.724s] Level 1:colcon.colcon_core.package_discovery:discover_packages(ignore) discover
[1.724s] Level 1:colcon.colcon_core.package_discovery:discover_packages(ignore) using defaults
[1.724s] Level 1:colcon.colcon_core.package_discovery:discover_packages(path) discover
[1.724s] Level 1:colcon.colcon_core.package_discovery:discover_packages(path) using defaults
[1.834s] Level 1:colcon.colcon_core.package_discovery:discover_packages(prefix_path) check parameters
[1.834s] Level 1:colcon.colcon_core.package_discovery:discover_packages(prefix_path) discover
[1.848s] DEBUG:colcon.colcon_installed_package_information.package_discovery:Found 1 installed packages in /home/rakhi/ros2_ws/install
[1.861s] DEBUG:colcon.colcon_installed_package_information.package_discovery:Found 410 installed packages in /opt/ros/humble
[1.868s] Level 1:colcon.colcon_core.package_discovery:discover_packages(prefix_path) using defaults
[2.520s] Level 5:colcon.colcon_core.verb:set package 'simple_robot_description' build argument 'cmake_args' from command line to 'None'
[2.520s] Level 5:colcon.colcon_core.verb:set package 'simple_robot_description' build argument 'cmake_target' from command line to 'None'
[2.520s] Level 5:colcon.colcon_core.verb:set package 'simple_robot_description' build argument 'cmake_target_skip_unavailable' from command line to 'False'
[2.520s] Level 5:colcon.colcon_core.verb:set package 'simple_robot_description' build argument 'cmake_clean_cache' from command line to 'False'
[2.520s] Level 5:colcon.colcon_core.verb:set package 'simple_robot_description' build argument 'cmake_clean_first' from command line to 'False'
[2.520s] Level 5:colcon.colcon_core.verb:set package 'simple_robot_description' build argument 'cmake_force_configure' from command line to 'False'
[2.520s] Level 5:colcon.colcon_core.verb:set package 'simple_robot_description' build argument 'ament_cmake_args' from command line to 'None'
[2.520s] Level 5:colcon.colcon_core.verb:set package 'simple_robot_description' build argument 'catkin_cmake_args' from command line to 'None'
[2.520s] Level 5:colcon.colcon_core.verb:set package 'simple_robot_description' build argument 'catkin_skip_building_tests' from command line to 'False'
[2.521s] DEBUG:colcon.colcon_core.verb:Building package 'simple_robot_description' with the following arguments: {'ament_cmake_args': None, 'build_base': '/home/rakhi/ros2_ws/build/simple_robot_description', 'catkin_cmake_args': None, 'catkin_skip_building_tests': False, 'cmake_args': None, 'cmake_clean_cache': False, 'cmake_clean_first': False, 'cmake_force_configure': False, 'cmake_target': None, 'cmake_target_skip_unavailable': False, 'install_base': '/home/rakhi/ros2_ws/install/simple_robot_description', 'merge_install': False, 'path': '/home/rakhi/ros2_ws/line_following_robot_ros2/src/simple_robot_description', 'symlink_install': False, 'test_result_base': None}
[2.521s] INFO:colcon.colcon_core.executor:Executing jobs using 'parallel' executor
[2.526s] DEBUG:colcon.colcon_parallel_executor.executor.parallel:run_until_complete
[2.527s] INFO:colcon.colcon_ros.task.ament_python.build:Building ROS package in '/home/rakhi/ros2_ws/line_following_robot_ros2/src/simple_robot_description' with build type 'ament_python'
[2.529s] Level 1:colcon.colcon_core.shell:create_environment_hook('simple_robot_description', 'ament_prefix_path')
[2.548s] INFO:colcon.colcon_core.plugin_system:Skipping extension 'colcon_core.shell.bat': Not used on non-Windows systems
[2.548s] INFO:colcon.colcon_core.shell:Creating environment hook '/home/rakhi/ros2_ws/install/simple_robot_description/share/simple_robot_description/hook/ament_prefix_path.ps1'
[2.557s] INFO:colcon.colcon_core.shell:Creating environment descriptor '/home/rakhi/ros2_ws/install/simple_robot_description/share/simple_robot_description/hook/ament_prefix_path.dsv'
[2.564s] INFO:colcon.colcon_core.shell:Creating environment hook '/home/rakhi/ros2_ws/install/simple_robot_description/share/simple_robot_description/hook/ament_prefix_path.sh'
[2.570s] INFO:colcon.colcon_core.shell:Skip shell extension 'powershell' for command environment: Not usable outside of PowerShell
[2.571s] DEBUG:colcon.colcon_core.shell:Skip shell extension 'dsv' for command environment
[3.232s] INFO:colcon.colcon_core.task.python.build:Building Python package in '/home/rakhi/ros2_ws/line_following_robot_ros2/src/simple_robot_description'
[3.234s] INFO:colcon.colcon_core.shell:Skip shell extension 'powershell' for command environment: Not usable outside of PowerShell
[3.234s] DEBUG:colcon.colcon_core.shell:Skip shell extension 'dsv' for command environment
[4.634s] DEBUG:colcon.colcon_core.event_handler.log_command:Invoking command in '/home/rakhi/ros2_ws/line_following_robot_ros2/src/simple_robot_description': PYTHONPATH=/home/rakhi/ros2_ws/build/simple_robot_description/prefix_override:/usr/lib/python3/dist-packages/colcon_core/task/python/colcon_distutils_commands:/home/rakhi/ros2_ws/install/simple_robot_description/lib/python3.10/site-packages:${PYTHONPATH} /usr/bin/python3 -W ignore:setup.py install is deprecated -W ignore:easy_install command is deprecated setup.py egg_info --egg-base ../../../build/simple_robot_description build --build-base /home/rakhi/ros2_ws/build/simple_robot_description/build install --record /home/rakhi/ros2_ws/build/simple_robot_description/install.log --single-version-externally-managed install_data
[5.217s] DEBUG:colcon.colcon_core.event_handler.log_command:Invoked command in '/home/rakhi/ros2_ws/line_following_robot_ros2/src/simple_robot_description' returned '0': PYTHONPATH=/home/rakhi/ros2_ws/build/simple_robot_description/prefix_override:/usr/lib/python3/dist-packages/colcon_core/task/python/colcon_distutils_commands:/home/rakhi/ros2_ws/install/simple_robot_description/lib/python3.10/site-packages:${PYTHONPATH} /usr/bin/python3 -W ignore:setup.py install is deprecated -W ignore:easy_install command is deprecated setup.py egg_info --egg-base ../../../build/simple_robot_description build --build-base /home/rakhi/ros2_ws/build/simple_robot_description/build install --record /home/rakhi/ros2_ws/build/simple_robot_description/install.log --single-version-externally-managed install_data
[5.263s] Level 1:colcon.colcon_core.environment:checking '/home/rakhi/ros2_ws/install/simple_robot_description' for CMake module files
[5.266s] Level 1:colcon.colcon_core.environment:checking '/home/rakhi/ros2_ws/install/simple_robot_description' for CMake config files
[5.289s] Level 1:colcon.colcon_core.environment:checking '/home/rakhi/ros2_ws/install/simple_robot_description/lib'
[5.291s] Level 1:colcon.colcon_core.environment:checking '/home/rakhi/ros2_ws/install/simple_robot_description/bin'
[5.292s] Level 1:colcon.colcon_core.environment:checking '/home/rakhi/ros2_ws/install/simple_robot_description/lib/pkgconfig/simple_robot_description.pc'
[5.294s] Level 1:colcon.colcon_core.environment:checking '/home/rakhi/ros2_ws/install/simple_robot_description/lib/python3.10/site-packages'
[5.294s] Level 1:colcon.colcon_core.shell:create_environment_hook('simple_robot_description', 'pythonpath')
[5.296s] INFO:colcon.colcon_core.shell:Creating environment hook '/home/rakhi/ros2_ws/install/simple_robot_description/share/simple_robot_description/hook/pythonpath.ps1'
[5.298s] INFO:colcon.colcon_core.shell:Creating environment descriptor '/home/rakhi/ros2_ws/install/simple_robot_description/share/simple_robot_description/hook/pythonpath.dsv'
[5.301s] INFO:colcon.colcon_core.shell:Creating environment hook '/home/rakhi/ros2_ws/install/simple_robot_description/share/simple_robot_description/hook/pythonpath.sh'
[5.303s] Level 1:colcon.colcon_core.environment:checking '/home/rakhi/ros2_ws/install/simple_robot_description/bin'
[5.303s] Level 1:colcon.colcon_core.environment:create_environment_scripts_only(simple_robot_description)
[5.303s] INFO:colcon.colcon_core.shell:Creating package script '/home/rakhi/ros2_ws/install/simple_robot_description/share/simple_robot_description/package.ps1'
[5.308s] INFO:colcon.colcon_core.shell:Creating package descriptor '/home/rakhi/ros2_ws/install/simple_robot_description/share/simple_robot_description/package.dsv'
[5.315s] INFO:colcon.colcon_core.shell:Creating package script '/home/rakhi/ros2_ws/install/simple_robot_description/share/simple_robot_description/package.sh'
[5.318s] INFO:colcon.colcon_core.shell:Creating package script '/home/rakhi/ros2_ws/install/simple_robot_description/share/simple_robot_description/package.bash'
[5.323s] INFO:colcon.colcon_core.shell:Creating package script '/home/rakhi/ros2_ws/install/simple_robot_description/share/simple_robot_description/package.zsh'
[5.332s] Level 1:colcon.colcon_core.environment:create_file_with_runtime_dependencies(/home/rakhi/ros2_ws/install/simple_robot_description/share/colcon-core/packages/simple_robot_description)
[5.338s] DEBUG:colcon.colcon_parallel_executor.executor.parallel:closing loop
[5.340s] DEBUG:colcon.colcon_parallel_executor.executor.parallel:loop closed
[5.341s] DEBUG:colcon.colcon_parallel_executor.executor.parallel:run_until_complete finished with '0'
[5.341s] DEBUG:colcon.colcon_core.event_reactor:joining thread
[5.417s] INFO:colcon.colcon_core.plugin_system:Skipping extension 'colcon_notification.desktop_notification.terminal_notifier': Not used on non-Darwin systems
[5.417s] INFO:colcon.colcon_core.plugin_system:Skipping extension 'colcon_notification.desktop_notification.win32': Not used on non-Windows systems
[5.417s] INFO:colcon.colcon_notification.desktop_notification:Sending desktop notification using 'notify2'
[5.748s] DEBUG:colcon.colcon_core.event_reactor:joined thread
[5.749s] INFO:colcon.colcon_core.shell:Creating prefix script '/home/rakhi/ros2_ws/install/local_setup.ps1'
[5.756s] INFO:colcon.colcon_core.shell:Creating prefix util module '/home/rakhi/ros2_ws/install/_local_setup_util_ps1.py'
[5.766s] INFO:colcon.colcon_core.shell:Creating prefix chain script '/home/rakhi/ros2_ws/install/setup.ps1'
[5.771s] INFO:colcon.colcon_core.shell:Creating prefix script '/home/rakhi/ros2_ws/install/local_setup.sh'
[5.774s] INFO:colcon.colcon_core.shell:Creating prefix util module '/home/rakhi/ros2_ws/install/_local_setup_util_sh.py'
[5.776s] INFO:colcon.colcon_core.shell:Creating prefix chain script '/home/rakhi/ros2_ws/install/setup.sh'
[5.781s] INFO:colcon.colcon_core.shell:Creating prefix script '/home/rakhi/ros2_ws/install/local_setup.bash'
[5.786s] INFO:colcon.colcon_core.shell:Creating prefix chain script '/home/rakhi/ros2_ws/install/setup.bash'
[5.791s] INFO:colcon.colcon_core.shell:Creating prefix script '/home/rakhi/ros2_ws/install/local_setup.zsh'
[5.793s] INFO:colcon.colcon_core.shell:Creating prefix chain script '/home/rakhi/ros2_ws/install/setup.zsh'
