[0.000000] (-) TimerEvent: {}
[0.002369] (simple_robot_description) JobQueued: {'identifier': 'simple_robot_description', 'dependencies': OrderedDict()}
[0.005314] (simple_robot_description) JobStarted: {'identifier': 'simple_robot_description'}
[0.532939] (-) TimerEvent: {}
[0.636509] (-) TimerEvent: {}
[0.746999] (-) TimerEvent: {}
[1.268460] (-) TimerEvent: {}
[1.657038] (-) TimerEvent: {}
[1.724926] (simple_robot_description) Command: {'cmd': ['/usr/bin/python3', '-W', 'ignore:setup.py install is deprecated', '-W', 'ignore:easy_install command is deprecated', 'setup.py', 'develop', '--uninstall', '--editable', '--build-directory', '/home/rakhi/ros2_ws/build/simple_robot_description/build'], 'cwd': '/home/rakhi/ros2_ws/build/simple_robot_description', 'env': {'LANGUAGE': 'en_IN:en', 'USER': 'rakhi', 'XDG_SESSION_TYPE': 'wayland', 'SHLVL': '1', 'LD_LIBRARY_PATH': '/usr/lib/x86_64-linux-gnu/gazebo-11/plugins:/opt/ros/humble/opt/rviz_ogre_vendor/lib:/opt/ros/humble/lib/x86_64-linux-gnu:/opt/ros/humble/lib', 'HOME': '/home/rakhi', 'OLDPWD': '/home/rakhi', 'DESKTOP_SESSION': 'ubuntu', 'PYENV_SHELL': 'bash', 'ROS_PYTHON_VERSION': '3', 'GNOME_SHELL_SESSION_MODE': 'ubuntu', 'GTK_MODULES': 'gail:atk-bridge', 'SYSTEMD_EXEC_PID': '6081', 'DBUS_SESSION_BUS_ADDRESS': 'unix:path=/run/user/1000/bus', 'COLORTERM': 'truecolor', 'IM_CONFIG_PHASE': '1', 'WAYLAND_DISPLAY': 'wayland-0', 'COLCON_PREFIX_PATH': '/home/rakhi/ros2_ws/install', 'ROS_DISTRO': 'humble', 'LOGNAME': 'rakhi', '_': '/usr/bin/colcon', 'ROS_VERSION': '2', 'XDG_SESSION_CLASS': 'user', 'USERNAME': 'rakhi', 'TERM': 'xterm-256color', 'GAZEBO_MODEL_PATH': '/home/rakhi/ros2_ws/line_following_robot_ros2/src/simple_robot_description/models:/home/rakhi/ros2_ws/src/line_following_robot_ros2/src/simple_robot_description/models::/home/rakhi/ros2_ws/src/ros2-line-follower/follower/models', 'GNOME_DESKTOP_SESSION_ID': 'this-is-deprecated', 'ROS_LOCALHOST_ONLY': '0', 'PATH': '/home/rakhi/.pyenv/shims:/home/rakhi/.pyenv/bin:/opt/ros/humble/bin:/usr/local/sbin:/usr/local/bin:/usr/sbin:/usr/bin:/sbin:/bin:/usr/games:/usr/local/games:/snap/bin:/snap/bin', 'SESSION_MANAGER': 'local/rakhi:@/tmp/.ICE-unix/2515,unix/rakhi:/tmp/.ICE-unix/2515', 'XDG_MENU_PREFIX': 'gnome-', 'GNOME_TERMINAL_SCREEN': '/org/gnome/Terminal/screen/61ba42ce_465f_4615_b3f8_8d8b561bb258', 'GNOME_SETUP_DISPLAY': ':1', 'XDG_RUNTIME_DIR': '/run/user/1000', 'DISPLAY': ':0', 'LANG': 'en_US.UTF-8', 'XDG_CURRENT_DESKTOP': 'ubuntu:GNOME', 'XMODIFIERS': '@im=ibus', 'XDG_SESSION_DESKTOP': 'ubuntu', 'XAUTHORITY': '/run/user/1000/.mutter-Xwaylandauth.PQ5342', 'GNOME_TERMINAL_SERVICE': ':1.142', 'SSH_AGENT_LAUNCHER': 'gnome-keyring', 'SSH_AUTH_SOCK': '/run/user/1000/keyring/ssh', 'ROS_DOMAIN_ID': '30', 'AMENT_PREFIX_PATH': '/home/rakhi/ros2_ws/install/simple_robot_description:/opt/ros/humble', 'SHELL': '/bin/bash', 'QT_ACCESSIBILITY': '1', 'GDMSESSION': 'ubuntu', 'QT_IM_MODULE': 'ibus', 'PWD': '/home/rakhi/ros2_ws/build/simple_robot_description', 'TURTLEBOT3_MODEL': 'waffle', 'LC_ALL': 'en_US.UTF-8', 'XDG_CONFIG_DIRS': '/etc/xdg/xdg-ubuntu:/etc/xdg', 'PYENV_ROOT': '/home/rakhi/.pyenv', 'XDG_DATA_DIRS': '/usr/share/ubuntu:/usr/local/share/:/usr/share/:/var/lib/snapd/desktop', 'PYTHONPATH': '/home/rakhi/ros2_ws/build/simple_robot_description/prefix_override:/usr/lib/python3/dist-packages/colcon_core/task/python/colcon_distutils_commands:/home/rakhi/ros2_ws/install/simple_robot_description/lib/python3.10/site-packages:/home/rakhi/ros2_ws/build/simple_robot_description:/home/rakhi/ros2_ws/install/simple_robot_description/lib/python3.10/site-packages:/opt/ros/humble/lib/python3.10/site-packages:/opt/ros/humble/local/lib/python3.10/dist-packages', 'COLCON': '1', 'VTE_VERSION': '6800'}, 'shell': False}
[1.764696] (-) TimerEvent: {}
[1.865596] (-) TimerEvent: {}
[1.966470] (-) TimerEvent: {}
[2.068019] (-) TimerEvent: {}
[2.169033] (-) TimerEvent: {}
[2.269676] (-) TimerEvent: {}
[2.371823] (-) TimerEvent: {}
[2.476220] (-) TimerEvent: {}
[2.578673] (-) TimerEvent: {}
[2.679444] (-) TimerEvent: {}
[2.808163] (-) TimerEvent: {}
[2.878141] (simple_robot_description) StdoutLine: {'line': b'running develop\n'}
[2.909008] (-) TimerEvent: {}
[3.009575] (-) TimerEvent: {}
[3.111120] (-) TimerEvent: {}
[3.213129] (-) TimerEvent: {}
[3.315585] (-) TimerEvent: {}
[3.416304] (-) TimerEvent: {}
[3.520579] (-) TimerEvent: {}
[3.619368] (simple_robot_description) StdoutLine: {'line': b'Removing /home/rakhi/ros2_ws/install/simple_robot_description/lib/python3.10/site-packages/simple-robot-description.egg-link (link to .)\n'}
[3.620711] (-) TimerEvent: {}
[3.723373] (simple_robot_description) CommandEnded: {'returncode': 0}
[3.724083] (-) TimerEvent: {}
[3.724418] (simple_robot_description) Command: {'cmd': ['/usr/bin/python3', '-W', 'ignore:setup.py install is deprecated', '-W', 'ignore:easy_install command is deprecated', 'setup.py', 'egg_info', '--egg-base', '../../../build/simple_robot_description', 'build', '--build-base', '/home/rakhi/ros2_ws/build/simple_robot_description/build', 'install', '--record', '/home/rakhi/ros2_ws/build/simple_robot_description/install.log', '--single-version-externally-managed', 'install_data', '--force'], 'cwd': '/home/rakhi/ros2_ws/line_following_robot_ros2/src/simple_robot_description', 'env': {'LANGUAGE': 'en_IN:en', 'USER': 'rakhi', 'XDG_SESSION_TYPE': 'wayland', 'SHLVL': '1', 'LD_LIBRARY_PATH': '/usr/lib/x86_64-linux-gnu/gazebo-11/plugins:/opt/ros/humble/opt/rviz_ogre_vendor/lib:/opt/ros/humble/lib/x86_64-linux-gnu:/opt/ros/humble/lib', 'HOME': '/home/rakhi', 'OLDPWD': '/home/rakhi', 'DESKTOP_SESSION': 'ubuntu', 'PYENV_SHELL': 'bash', 'ROS_PYTHON_VERSION': '3', 'GNOME_SHELL_SESSION_MODE': 'ubuntu', 'GTK_MODULES': 'gail:atk-bridge', 'SYSTEMD_EXEC_PID': '6081', 'DBUS_SESSION_BUS_ADDRESS': 'unix:path=/run/user/1000/bus', 'COLORTERM': 'truecolor', 'IM_CONFIG_PHASE': '1', 'WAYLAND_DISPLAY': 'wayland-0', 'COLCON_PREFIX_PATH': '/home/rakhi/ros2_ws/install', 'ROS_DISTRO': 'humble', 'LOGNAME': 'rakhi', '_': '/usr/bin/colcon', 'ROS_VERSION': '2', 'XDG_SESSION_CLASS': 'user', 'USERNAME': 'rakhi', 'TERM': 'xterm-256color', 'GAZEBO_MODEL_PATH': '/home/rakhi/ros2_ws/line_following_robot_ros2/src/simple_robot_description/models:/home/rakhi/ros2_ws/src/line_following_robot_ros2/src/simple_robot_description/models::/home/rakhi/ros2_ws/src/ros2-line-follower/follower/models', 'GNOME_DESKTOP_SESSION_ID': 'this-is-deprecated', 'ROS_LOCALHOST_ONLY': '0', 'PATH': '/home/rakhi/.pyenv/shims:/home/rakhi/.pyenv/bin:/opt/ros/humble/bin:/usr/local/sbin:/usr/local/bin:/usr/sbin:/usr/bin:/sbin:/bin:/usr/games:/usr/local/games:/snap/bin:/snap/bin', 'SESSION_MANAGER': 'local/rakhi:@/tmp/.ICE-unix/2515,unix/rakhi:/tmp/.ICE-unix/2515', 'XDG_MENU_PREFIX': 'gnome-', 'GNOME_TERMINAL_SCREEN': '/org/gnome/Terminal/screen/61ba42ce_465f_4615_b3f8_8d8b561bb258', 'GNOME_SETUP_DISPLAY': ':1', 'XDG_RUNTIME_DIR': '/run/user/1000', 'DISPLAY': ':0', 'LANG': 'en_US.UTF-8', 'XDG_CURRENT_DESKTOP': 'ubuntu:GNOME', 'XMODIFIERS': '@im=ibus', 'XDG_SESSION_DESKTOP': 'ubuntu', 'XAUTHORITY': '/run/user/1000/.mutter-Xwaylandauth.PQ5342', 'GNOME_TERMINAL_SERVICE': ':1.142', 'SSH_AGENT_LAUNCHER': 'gnome-keyring', 'SSH_AUTH_SOCK': '/run/user/1000/keyring/ssh', 'ROS_DOMAIN_ID': '30', 'AMENT_PREFIX_PATH': '/home/rakhi/ros2_ws/install/simple_robot_description:/opt/ros/humble', 'SHELL': '/bin/bash', 'QT_ACCESSIBILITY': '1', 'GDMSESSION': 'ubuntu', 'QT_IM_MODULE': 'ibus', 'PWD': '/home/rakhi/ros2_ws/build/simple_robot_description', 'TURTLEBOT3_MODEL': 'waffle', 'LC_ALL': 'en_US.UTF-8', 'XDG_CONFIG_DIRS': '/etc/xdg/xdg-ubuntu:/etc/xdg', 'PYENV_ROOT': '/home/rakhi/.pyenv', 'XDG_DATA_DIRS': '/usr/share/ubuntu:/usr/local/share/:/usr/share/:/var/lib/snapd/desktop', 'PYTHONPATH': '/home/rakhi/ros2_ws/build/simple_robot_description/prefix_override:/usr/lib/python3/dist-packages/colcon_core/task/python/colcon_distutils_commands:/home/rakhi/ros2_ws/install/simple_robot_description/lib/python3.10/site-packages:/home/rakhi/ros2_ws/build/simple_robot_description:/home/rakhi/ros2_ws/install/simple_robot_description/lib/python3.10/site-packages:/opt/ros/humble/lib/python3.10/site-packages:/opt/ros/humble/local/lib/python3.10/dist-packages', 'COLCON': '1', 'VTE_VERSION': '6800'}, 'shell': False}
[3.824353] (-) TimerEvent: {}
[3.925570] (-) TimerEvent: {}
[4.026722] (-) TimerEvent: {}
[4.130134] (-) TimerEvent: {}
[4.232087] (-) TimerEvent: {}
[4.333459] (-) TimerEvent: {}
[4.435266] (-) TimerEvent: {}
[4.537593] (-) TimerEvent: {}
[4.638380] (-) TimerEvent: {}
[4.739673] (-) TimerEvent: {}
[4.841309] (-) TimerEvent: {}
[4.849591] (simple_robot_description) StdoutLine: {'line': b'running egg_info\n'}
[4.855038] (simple_robot_description) StdoutLine: {'line': b'writing ../../../build/simple_robot_description/simple_robot_description.egg-info/PKG-INFO\n'}
[4.857521] (simple_robot_description) StdoutLine: {'line': b'writing dependency_links to ../../../build/simple_robot_description/simple_robot_description.egg-info/dependency_links.txt\n'}
[4.861470] (simple_robot_description) StdoutLine: {'line': b'writing entry points to ../../../build/simple_robot_description/simple_robot_description.egg-info/entry_points.txt\n'}
[4.862472] (simple_robot_description) StdoutLine: {'line': b'writing requirements to ../../../build/simple_robot_description/simple_robot_description.egg-info/requires.txt\n'}
[4.862869] (simple_robot_description) StdoutLine: {'line': b'writing top-level names to ../../../build/simple_robot_description/simple_robot_description.egg-info/top_level.txt\n'}
[4.887680] (simple_robot_description) StdoutLine: {'line': b"reading manifest file '../../../build/simple_robot_description/simple_robot_description.egg-info/SOURCES.txt'\n"}
[4.894209] (simple_robot_description) StdoutLine: {'line': b"writing manifest file '../../../build/simple_robot_description/simple_robot_description.egg-info/SOURCES.txt'\n"}
[4.898360] (simple_robot_description) StdoutLine: {'line': b'running build\n'}
[4.898577] (simple_robot_description) StdoutLine: {'line': b'running build_py\n'}
[4.901724] (simple_robot_description) StdoutLine: {'line': b'creating /home/rakhi/ros2_ws/build/simple_robot_description/build\n'}
[4.907915] (simple_robot_description) StdoutLine: {'line': b'creating /home/rakhi/ros2_ws/build/simple_robot_description/build/lib\n'}
[4.908172] (simple_robot_description) StdoutLine: {'line': b'creating /home/rakhi/ros2_ws/build/simple_robot_description/build/lib/simple_robot_description\n'}
[4.908279] (simple_robot_description) StdoutLine: {'line': b'copying simple_robot_description/joint_commander.py -> /home/rakhi/ros2_ws/build/simple_robot_description/build/lib/simple_robot_description\n'}
[4.908423] (simple_robot_description) StdoutLine: {'line': b'copying simple_robot_description/__init__.py -> /home/rakhi/ros2_ws/build/simple_robot_description/build/lib/simple_robot_description\n'}
[4.908508] (simple_robot_description) StdoutLine: {'line': b'running install\n'}
[4.908592] (simple_robot_description) StdoutLine: {'line': b'running install_lib\n'}
[4.908673] (simple_robot_description) StdoutLine: {'line': b'creating /home/rakhi/ros2_ws/install/simple_robot_description/lib/python3.10/site-packages/simple_robot_description\n'}
[4.909427] (simple_robot_description) StdoutLine: {'line': b'copying /home/rakhi/ros2_ws/build/simple_robot_description/build/lib/simple_robot_description/joint_commander.py -> /home/rakhi/ros2_ws/install/simple_robot_description/lib/python3.10/site-packages/simple_robot_description\n'}
[4.909640] (simple_robot_description) StdoutLine: {'line': b'copying /home/rakhi/ros2_ws/build/simple_robot_description/build/lib/simple_robot_description/__init__.py -> /home/rakhi/ros2_ws/install/simple_robot_description/lib/python3.10/site-packages/simple_robot_description\n'}
[4.909945] (simple_robot_description) StdoutLine: {'line': b'byte-compiling /home/rakhi/ros2_ws/install/simple_robot_description/lib/python3.10/site-packages/simple_robot_description/joint_commander.py to joint_commander.cpython-310.pyc\n'}
[4.915877] (simple_robot_description) StdoutLine: {'line': b'byte-compiling /home/rakhi/ros2_ws/install/simple_robot_description/lib/python3.10/site-packages/simple_robot_description/__init__.py to __init__.cpython-310.pyc\n'}
[4.916923] (simple_robot_description) StdoutLine: {'line': b'running install_data\n'}
[4.918091] (simple_robot_description) StdoutLine: {'line': b'copying resource/simple_robot_description -> /home/rakhi/ros2_ws/install/simple_robot_description/share/ament_index/resource_index/packages\n'}
[4.953885] (-) TimerEvent: {}
[5.003743] (simple_robot_description) StdoutLine: {'line': b'copying package.xml -> /home/rakhi/ros2_ws/install/simple_robot_description/share/simple_robot_description\n'}
[5.033598] (simple_robot_description) StdoutLine: {'line': b'copying launch/rviz.launch.py -> /home/rakhi/ros2_ws/install/simple_robot_description/share/simple_robot_description/launch\n'}
[5.037684] (simple_robot_description) StdoutLine: {'line': b'copying launch/gazebo.launch.py -> /home/rakhi/ros2_ws/install/simple_robot_description/share/simple_robot_description/launch\n'}
[5.037966] (simple_robot_description) StdoutLine: {'line': b'copying models/arm_1dof/macros.xacro -> /home/rakhi/ros2_ws/install/simple_robot_description/share/simple_robot_description/models\n'}
[5.042547] (simple_robot_description) StdoutLine: {'line': b'copying models/arm_1dof/materials.xacro -> /home/rakhi/ros2_ws/install/simple_robot_description/share/simple_robot_description/models\n'}
[5.055455] (simple_robot_description) StdoutLine: {'line': b'copying models/arm_1dof/arm_1dof.xacro -> /home/rakhi/ros2_ws/install/simple_robot_description/share/simple_robot_description/models\n'}
[5.055999] (-) TimerEvent: {}
[5.063338] (simple_robot_description) StdoutLine: {'line': b'copying models/arm_1dof/joints.xacro -> /home/rakhi/ros2_ws/install/simple_robot_description/share/simple_robot_description/models\n'}
[5.116441] (simple_robot_description) StdoutLine: {'line': b'copying models/track/model.sdf -> /home/rakhi/ros2_ws/install/simple_robot_description/share/simple_robot_description/models\n'}
[5.127166] (simple_robot_description) StdoutLine: {'line': b'copying rviz/arm.rviz -> /home/rakhi/ros2_ws/install/simple_robot_description/share/simple_robot_description/rviz\n'}
[5.127620] (simple_robot_description) StdoutLine: {'line': b'copying config/arm_1dof.yaml -> /home/rakhi/ros2_ws/install/simple_robot_description/share/simple_robot_description/config\n'}
[5.128037] (simple_robot_description) StdoutLine: {'line': b'copying worlds/empty.world -> /home/rakhi/ros2_ws/install/simple_robot_description/share/simple_robot_description/worlds\n'}
[5.128141] (simple_robot_description) StdoutLine: {'line': b'running install_egg_info\n'}
[5.137305] (simple_robot_description) StdoutLine: {'line': b'Copying ../../../build/simple_robot_description/simple_robot_description.egg-info to /home/rakhi/ros2_ws/install/simple_robot_description/lib/python3.10/site-packages/simple_robot_description-0.0.0-py3.10.egg-info\n'}
[5.137598] (simple_robot_description) StdoutLine: {'line': b'running install_scripts\n'}
[5.159715] (-) TimerEvent: {}
[5.235069] (simple_robot_description) StdoutLine: {'line': b'Installing joint_commander script to /home/rakhi/ros2_ws/install/simple_robot_description/lib/simple_robot_description\n'}
[5.237117] (simple_robot_description) StdoutLine: {'line': b"writing list of installed files to '/home/rakhi/ros2_ws/build/simple_robot_description/install.log'\n"}
[5.260314] (-) TimerEvent: {}
[5.348758] (simple_robot_description) CommandEnded: {'returncode': 0}
[5.362855] (-) TimerEvent: {}
[5.433177] (simple_robot_description) JobEnded: {'identifier': 'simple_robot_description', 'rc': 0}
[5.437434] (-) EventReactorShutdown: {}
