[2.104s] Invoking command in '/home/rakhi/ros2_ws/line_following_robot_ros2/src/simple_robot_description': PYTHONPATH=/home/rakhi/ros2_ws/build/simple_robot_description/prefix_override:/usr/lib/python3/dist-packages/colcon_core/task/python/colcon_distutils_commands:/home/rakhi/ros2_ws/install/simple_robot_description/lib/python3.10/site-packages:${PYTHONPATH} /usr/bin/python3 -W ignore:setup.py install is deprecated -W ignore:easy_install command is deprecated setup.py egg_info --egg-base ../../../build/simple_robot_description build --build-base /home/rakhi/ros2_ws/build/simple_robot_description/build install --record /home/rakhi/ros2_ws/build/simple_robot_description/install.log --single-version-externally-managed install_data
[2.419s] running egg_info
[2.421s] writing ../../../build/simple_robot_description/simple_robot_description.egg-info/PKG-INFO
[2.437s] writing dependency_links to ../../../build/simple_robot_description/simple_robot_description.egg-info/dependency_links.txt
[2.438s] writing entry points to ../../../build/simple_robot_description/simple_robot_description.egg-info/entry_points.txt
[2.438s] writing requirements to ../../../build/simple_robot_description/simple_robot_description.egg-info/requires.txt
[2.438s] writing top-level names to ../../../build/simple_robot_description/simple_robot_description.egg-info/top_level.txt
[2.440s] reading manifest file '../../../build/simple_robot_description/simple_robot_description.egg-info/SOURCES.txt'
[2.448s] writing manifest file '../../../build/simple_robot_description/simple_robot_description.egg-info/SOURCES.txt'
[2.449s] running build
[2.449s] running build_py
[2.452s] running install
[2.454s] running install_lib
[2.458s] running install_data
[2.462s] running install_egg_info
[2.471s] removing '/home/rakhi/ros2_ws/install/simple_robot_description/lib/python3.10/site-packages/simple_robot_description-0.0.0-py3.10.egg-info' (and everything under it)
[2.486s] Copying ../../../build/simple_robot_description/simple_robot_description.egg-info to /home/rakhi/ros2_ws/install/simple_robot_description/lib/python3.10/site-packages/simple_robot_description-0.0.0-py3.10.egg-info
[2.488s] running install_scripts
[2.518s] Installing joint_commander script to /home/rakhi/ros2_ws/install/simple_robot_description/lib/simple_robot_description
[2.521s] writing list of installed files to '/home/rakhi/ros2_ws/build/simple_robot_description/install.log'
[2.561s] Invoked command in '/home/rakhi/ros2_ws/line_following_robot_ros2/src/simple_robot_description' returned '0': PYTHONPATH=/home/rakhi/ros2_ws/build/simple_robot_description/prefix_override:/usr/lib/python3/dist-packages/colcon_core/task/python/colcon_distutils_commands:/home/rakhi/ros2_ws/install/simple_robot_description/lib/python3.10/site-packages:${PYTHONPATH} /usr/bin/python3 -W ignore:setup.py install is deprecated -W ignore:easy_install command is deprecated setup.py egg_info --egg-base ../../../build/simple_robot_description build --build-base /home/rakhi/ros2_ws/build/simple_robot_description/build install --record /home/rakhi/ros2_ws/build/simple_robot_description/install.log --single-version-externally-managed install_data
