[1.598s] Invoking command in '/home/rakhi/ros2_ws/line_following_robot_ros2/src/simple_robot_description': PYTHONPATH=/home/rakhi/ros2_ws/build/simple_robot_description/prefix_override:/usr/lib/python3/dist-packages/colcon_core/task/python/colcon_distutils_commands:/home/rakhi/ros2_ws/install/simple_robot_description/lib/python3.10/site-packages:${PYTHONPATH} /usr/bin/python3 -W ignore:setup.py install is deprecated -W ignore:easy_install command is deprecated setup.py egg_info --egg-base ../../../build/simple_robot_description build --build-base /home/rakhi/ros2_ws/build/simple_robot_description/build install --record /home/rakhi/ros2_ws/build/simple_robot_description/install.log --single-version-externally-managed install_data
[1.955s] running egg_info
[1.955s] writing ../../../build/simple_robot_description/simple_robot_description.egg-info/PKG-INFO
[1.955s] writing dependency_links to ../../../build/simple_robot_description/simple_robot_description.egg-info/dependency_links.txt
[1.955s] writing entry points to ../../../build/simple_robot_description/simple_robot_description.egg-info/entry_points.txt
[1.955s] writing requirements to ../../../build/simple_robot_description/simple_robot_description.egg-info/requires.txt
[1.955s] writing top-level names to ../../../build/simple_robot_description/simple_robot_description.egg-info/top_level.txt
[1.986s] reading manifest file '../../../build/simple_robot_description/simple_robot_description.egg-info/SOURCES.txt'
[1.996s] writing manifest file '../../../build/simple_robot_description/simple_robot_description.egg-info/SOURCES.txt'
[2.001s] running build
[2.001s] running build_py
[2.008s] copying simple_robot_description/joint_commander.py -> /home/rakhi/ros2_ws/build/simple_robot_description/build/lib/simple_robot_description
[2.010s] running install
[2.016s] running install_lib
[2.019s] copying /home/rakhi/ros2_ws/build/simple_robot_description/build/lib/simple_robot_description/joint_commander.py -> /home/rakhi/ros2_ws/install/simple_robot_description/lib/python3.10/site-packages/simple_robot_description
[2.021s] byte-compiling /home/rakhi/ros2_ws/install/simple_robot_description/lib/python3.10/site-packages/simple_robot_description/joint_commander.py to joint_commander.cpython-310.pyc
[2.031s] running install_data
[2.033s] running install_egg_info
[2.048s] removing '/home/rakhi/ros2_ws/install/simple_robot_description/lib/python3.10/site-packages/simple_robot_description-0.0.0-py3.10.egg-info' (and everything under it)
[2.053s] Copying ../../../build/simple_robot_description/simple_robot_description.egg-info to /home/rakhi/ros2_ws/install/simple_robot_description/lib/python3.10/site-packages/simple_robot_description-0.0.0-py3.10.egg-info
[2.054s] running install_scripts
[2.103s] Installing joint_commander script to /home/rakhi/ros2_ws/install/simple_robot_description/lib/simple_robot_description
[2.104s] writing list of installed files to '/home/rakhi/ros2_ws/build/simple_robot_description/install.log'
[2.155s] Invoked command in '/home/rakhi/ros2_ws/line_following_robot_ros2/src/simple_robot_description' returned '0': PYTHONPATH=/home/rakhi/ros2_ws/build/simple_robot_description/prefix_override:/usr/lib/python3/dist-packages/colcon_core/task/python/colcon_distutils_commands:/home/rakhi/ros2_ws/install/simple_robot_description/lib/python3.10/site-packages:${PYTHONPATH} /usr/bin/python3 -W ignore:setup.py install is deprecated -W ignore:easy_install command is deprecated setup.py egg_info --egg-base ../../../build/simple_robot_description build --build-base /home/rakhi/ros2_ws/build/simple_robot_description/build install --record /home/rakhi/ros2_ws/build/simple_robot_description/install.log --single-version-externally-managed install_data
