[1.374s] Invoking command in '/home/rakhi/ros2_ws/line_following_robot_ros2/src/simple_robot_description': PYTHONPATH=/home/rakhi/ros2_ws/build/simple_robot_description/prefix_override:/usr/lib/python3/dist-packages/colcon_core/task/python/colcon_distutils_commands:/home/rakhi/ros2_ws/install/simple_robot_description/lib/python3.10/site-packages:${PYTHONPATH} /usr/bin/python3 -W ignore:setup.py install is deprecated -W ignore:easy_install command is deprecated setup.py egg_info --egg-base ../../../build/simple_robot_description build --build-base /home/rakhi/ros2_ws/build/simple_robot_description/build install --record /home/rakhi/ros2_ws/build/simple_robot_description/install.log --single-version-externally-managed install_data
[1.904s] running egg_info
[1.905s] writing ../../../build/simple_robot_description/simple_robot_description.egg-info/PKG-INFO
[1.905s] writing dependency_links to ../../../build/simple_robot_description/simple_robot_description.egg-info/dependency_links.txt
[1.906s] writing entry points to ../../../build/simple_robot_description/simple_robot_description.egg-info/entry_points.txt
[1.906s] writing requirements to ../../../build/simple_robot_description/simple_robot_description.egg-info/requires.txt
[1.906s] writing top-level names to ../../../build/simple_robot_description/simple_robot_description.egg-info/top_level.txt
[1.910s] reading manifest file '../../../build/simple_robot_description/simple_robot_description.egg-info/SOURCES.txt'
[1.912s] writing manifest file '../../../build/simple_robot_description/simple_robot_description.egg-info/SOURCES.txt'
[1.913s] running build
[1.914s] running build_py
[1.914s] copying simple_robot_description/joint_commander.py -> /home/rakhi/ros2_ws/build/simple_robot_description/build/lib/simple_robot_description
[1.917s] running install
[1.918s] running install_lib
[1.927s] copying /home/rakhi/ros2_ws/build/simple_robot_description/build/lib/simple_robot_description/joint_commander.py -> /home/rakhi/ros2_ws/install/simple_robot_description/lib/python3.10/site-packages/simple_robot_description
[1.927s] byte-compiling /home/rakhi/ros2_ws/install/simple_robot_description/lib/python3.10/site-packages/simple_robot_description/joint_commander.py to joint_commander.cpython-310.pyc
[1.927s] running install_data
[1.931s] running install_egg_info
[1.938s] removing '/home/rakhi/ros2_ws/install/simple_robot_description/lib/python3.10/site-packages/simple_robot_description-0.0.0-py3.10.egg-info' (and everything under it)
[1.942s] Copying ../../../build/simple_robot_description/simple_robot_description.egg-info to /home/rakhi/ros2_ws/install/simple_robot_description/lib/python3.10/site-packages/simple_robot_description-0.0.0-py3.10.egg-info
[1.947s] running install_scripts
[1.980s] Installing joint_commander script to /home/rakhi/ros2_ws/install/simple_robot_description/lib/simple_robot_description
[1.982s] writing list of installed files to '/home/rakhi/ros2_ws/build/simple_robot_description/install.log'
[2.030s] Invoked command in '/home/rakhi/ros2_ws/line_following_robot_ros2/src/simple_robot_description' returned '0': PYTHONPATH=/home/rakhi/ros2_ws/build/simple_robot_description/prefix_override:/usr/lib/python3/dist-packages/colcon_core/task/python/colcon_distutils_commands:/home/rakhi/ros2_ws/install/simple_robot_description/lib/python3.10/site-packages:${PYTHONPATH} /usr/bin/python3 -W ignore:setup.py install is deprecated -W ignore:easy_install command is deprecated setup.py egg_info --egg-base ../../../build/simple_robot_description build --build-base /home/rakhi/ros2_ws/build/simple_robot_description/build install --record /home/rakhi/ros2_ws/build/simple_robot_description/install.log --single-version-externally-managed install_data
