[5.169s] Invoking command in '/home/rakhi/ros2_ws/line_following_robot_ros2/src/simple_robot_description': PYTHONPATH=/home/rakhi/ros2_ws/build/simple_robot_description/prefix_override:/usr/lib/python3/dist-packages/colcon_core/task/python/colcon_distutils_commands:/home/rakhi/ros2_ws/install/simple_robot_description/lib/python3.10/site-packages:${PYTHONPATH} /usr/bin/python3 -W ignore:setup.py install is deprecated -W ignore:easy_install command is deprecated setup.py egg_info --egg-base ../../../build/simple_robot_description build --build-base /home/rakhi/ros2_ws/build/simple_robot_description/build install --record /home/rakhi/ros2_ws/build/simple_robot_description/install.log --single-version-externally-managed install_data
[6.929s] running egg_info
[6.933s] writing ../../../build/simple_robot_description/simple_robot_description.egg-info/PKG-INFO
[6.933s] writing dependency_links to ../../../build/simple_robot_description/simple_robot_description.egg-info/dependency_links.txt
[6.933s] writing entry points to ../../../build/simple_robot_description/simple_robot_description.egg-info/entry_points.txt
[6.933s] writing requirements to ../../../build/simple_robot_description/simple_robot_description.egg-info/requires.txt
[6.933s] writing top-level names to ../../../build/simple_robot_description/simple_robot_description.egg-info/top_level.txt
[6.941s] reading manifest file '../../../build/simple_robot_description/simple_robot_description.egg-info/SOURCES.txt'
[6.947s] writing manifest file '../../../build/simple_robot_description/simple_robot_description.egg-info/SOURCES.txt'
[6.954s] running build
[6.954s] running build_py
[6.985s] running install
[6.985s] running install_lib
[6.987s] running install_data
[6.988s] running install_egg_info
[7.004s] removing '/home/rakhi/ros2_ws/install/simple_robot_description/lib/python3.10/site-packages/simple_robot_description-0.0.0-py3.10.egg-info' (and everything under it)
[7.005s] Copying ../../../build/simple_robot_description/simple_robot_description.egg-info to /home/rakhi/ros2_ws/install/simple_robot_description/lib/python3.10/site-packages/simple_robot_description-0.0.0-py3.10.egg-info
[7.049s] running install_scripts
[7.234s] Installing joint_commander script to /home/rakhi/ros2_ws/install/simple_robot_description/lib/simple_robot_description
[7.244s] writing list of installed files to '/home/rakhi/ros2_ws/build/simple_robot_description/install.log'
[7.609s] Invoked command in '/home/rakhi/ros2_ws/line_following_robot_ros2/src/simple_robot_description' returned '0': PYTHONPATH=/home/rakhi/ros2_ws/build/simple_robot_description/prefix_override:/usr/lib/python3/dist-packages/colcon_core/task/python/colcon_distutils_commands:/home/rakhi/ros2_ws/install/simple_robot_description/lib/python3.10/site-packages:${PYTHONPATH} /usr/bin/python3 -W ignore:setup.py install is deprecated -W ignore:easy_install command is deprecated setup.py egg_info --egg-base ../../../build/simple_robot_description build --build-base /home/rakhi/ros2_ws/build/simple_robot_description/build install --record /home/rakhi/ros2_ws/build/simple_robot_description/install.log --single-version-externally-managed install_data
