running egg_info
writing ../../../build/simple_robot_description/simple_robot_description.egg-info/PKG-INFO
writing dependency_links to ../../../build/simple_robot_description/simple_robot_description.egg-info/dependency_links.txt
writing entry points to ../../../build/simple_robot_description/simple_robot_description.egg-info/entry_points.txt
writing requirements to ../../../build/simple_robot_description/simple_robot_description.egg-info/requires.txt
writing top-level names to ../../../build/simple_robot_description/simple_robot_description.egg-info/top_level.txt
reading manifest file '../../../build/simple_robot_description/simple_robot_description.egg-info/SOURCES.txt'
writing manifest file '../../../build/simple_robot_description/simple_robot_description.egg-info/SOURCES.txt'
running build
running build_py
copying simple_robot_description/joint_commander.py -> /home/rakhi/ros2_ws/build/simple_robot_description/build/lib/simple_robot_description
running install
running install_lib
copying /home/rakhi/ros2_ws/build/simple_robot_description/build/lib/simple_robot_description/joint_commander.py -> /home/rakhi/ros2_ws/install/simple_robot_description/lib/python3.10/site-packages/simple_robot_description
byte-compiling /home/rakhi/ros2_ws/install/simple_robot_description/lib/python3.10/site-packages/simple_robot_description/joint_commander.py to joint_commander.cpython-310.pyc
running install_data
running install_egg_info
removing '/home/rakhi/ros2_ws/install/simple_robot_description/lib/python3.10/site-packages/simple_robot_description-0.0.0-py3.10.egg-info' (and everything under it)
Copying ../../../build/simple_robot_description/simple_robot_description.egg-info to /home/rakhi/ros2_ws/install/simple_robot_description/lib/python3.10/site-packages/simple_robot_description-0.0.0-py3.10.egg-info
running install_scripts
Installing joint_commander script to /home/rakhi/ros2_ws/install/simple_robot_description/lib/simple_robot_description
writing list of installed files to '/home/rakhi/ros2_ws/build/simple_robot_description/install.log'
