[0.000000] (-) TimerEvent: {}
[0.004558] (simple_robot_description) JobQueued: {'identifier': 'simple_robot_description', 'dependencies': OrderedDict()}
[0.006069] (simple_robot_description) JobStarted: {'identifier': 'simple_robot_description'}
[0.138629] (-) TimerEvent: {}
[0.315316] (-) TimerEvent: {}
[0.416714] (-) TimerEvent: {}
[0.550469] (-) TimerEvent: {}
[0.653183] (-) TimerEvent: {}
[0.753733] (-) TimerEvent: {}
[0.854724] (-) TimerEvent: {}
[0.955321] (-) TimerEvent: {}
[1.056354] (-) TimerEvent: {}
[1.157445] (-) TimerEvent: {}
[1.258399] (-) TimerEvent: {}
[1.359319] (-) TimerEvent: {}
[1.462304] (-) TimerEvent: {}
[1.492809] (simple_robot_description) Command: {'cmd': ['/usr/bin/python3', '-W', 'ignore:setup.py install is deprecated', '-W', 'ignore:easy_install command is deprecated', 'setup.py', 'egg_info', '--egg-base', '../../../build/simple_robot_description', 'build', '--build-base', '/home/rakhi/ros2_ws/build/simple_robot_description/build', 'install', '--record', '/home/rakhi/ros2_ws/build/simple_robot_description/install.log', '--single-version-externally-managed', 'install_data'], 'cwd': '/home/rakhi/ros2_ws/line_following_robot_ros2/src/simple_robot_description', 'env': {'LANGUAGE': 'en_IN:en', 'USER': 'rakhi', 'XDG_SESSION_TYPE': 'wayland', 'SHLVL': '1', 'LD_LIBRARY_PATH': '/usr/lib/x86_64-linux-gnu/gazebo-11/plugins:/opt/ros/humble/opt/rviz_ogre_vendor/lib:/opt/ros/humble/lib/x86_64-linux-gnu:/opt/ros/humble/lib', 'HOME': '/home/rakhi', 'OLDPWD': '/home/rakhi', 'DESKTOP_SESSION': 'ubuntu', 'PYENV_SHELL': 'bash', 'ROS_PYTHON_VERSION': '3', 'GNOME_SHELL_SESSION_MODE': 'ubuntu', 'GTK_MODULES': 'gail:atk-bridge', 'SYSTEMD_EXEC_PID': '2679', 'DBUS_SESSION_BUS_ADDRESS': 'unix:path=/run/user/1000/bus', 'COLORTERM': 'truecolor', 'IM_CONFIG_PHASE': '1', 'WAYLAND_DISPLAY': 'wayland-0', 'COLCON_PREFIX_PATH': '/home/rakhi/ros2_ws/install', 'ROS_DISTRO': 'humble', 'LOGNAME': 'rakhi', '_': '/usr/bin/colcon', 'ROS_VERSION': '2', 'XDG_SESSION_CLASS': 'user', 'USERNAME': 'rakhi', 'TERM': 'xterm-256color', 'GAZEBO_MODEL_PATH': '/home/rakhi/project/line_following_robot_ros2/src/simple_robot_description/models:/home/rakhi/ros2_ws/line_following_robot_ros2/src/simple_robot_description/models:/home/rakhi/ros2_ws/src/line_following_robot_ros2/src/simple_robot_description/models::/home/rakhi/ros2_ws/src/ros2-line-follower/follower/models', 'GNOME_DESKTOP_SESSION_ID': 'this-is-deprecated', 'ROS_LOCALHOST_ONLY': '0', 'PATH': '/home/rakhi/.pyenv/shims:/home/rakhi/.pyenv/bin:/opt/ros/humble/bin:/usr/local/sbin:/usr/local/bin:/usr/sbin:/usr/bin:/sbin:/bin:/usr/games:/usr/local/games:/snap/bin:/snap/bin', 'SESSION_MANAGER': 'local/rakhi:@/tmp/.ICE-unix/2495,unix/rakhi:/tmp/.ICE-unix/2495', 'XDG_MENU_PREFIX': 'gnome-', 'GNOME_TERMINAL_SCREEN': '/org/gnome/Terminal/screen/f4c8f306_37d0_4429_beb3_f232a5e80860', 'GNOME_SETUP_DISPLAY': ':1', 'XDG_RUNTIME_DIR': '/run/user/1000', 'DISPLAY': ':0', 'LANG': 'en_US.UTF-8', 'XDG_CURRENT_DESKTOP': 'ubuntu:GNOME', 'XMODIFIERS': '@im=ibus', 'XDG_SESSION_DESKTOP': 'ubuntu', 'XAUTHORITY': '/run/user/1000/.mutter-Xwaylandauth.JQNH52', 'GNOME_TERMINAL_SERVICE': ':1.92', 'SSH_AGENT_LAUNCHER': 'gnome-keyring', 'SSH_AUTH_SOCK': '/run/user/1000/keyring/ssh', 'ROS_DOMAIN_ID': '30', 'AMENT_PREFIX_PATH': '/home/rakhi/ros2_ws/install/simple_robot_description:/opt/ros/humble', 'SHELL': '/bin/bash', 'QT_ACCESSIBILITY': '1', 'GDMSESSION': 'ubuntu', 'QT_IM_MODULE': 'ibus', 'PWD': '/home/rakhi/ros2_ws/build/simple_robot_description', 'TURTLEBOT3_MODEL': 'waffle', 'LC_ALL': 'en_US.UTF-8', 'XDG_CONFIG_DIRS': '/etc/xdg/xdg-ubuntu:/etc/xdg', 'PYENV_ROOT': '/home/rakhi/.pyenv', 'XDG_DATA_DIRS': '/usr/share/ubuntu:/usr/local/share/:/usr/share/:/var/lib/snapd/desktop', 'PYTHONPATH': '/home/rakhi/ros2_ws/build/simple_robot_description/prefix_override:/usr/lib/python3/dist-packages/colcon_core/task/python/colcon_distutils_commands:/home/rakhi/ros2_ws/install/simple_robot_description/lib/python3.10/site-packages:/home/rakhi/ros2_ws/install/simple_robot_description/lib/python3.10/site-packages:/opt/ros/humble/lib/python3.10/site-packages:/opt/ros/humble/local/lib/python3.10/dist-packages', 'COLCON': '1', 'VTE_VERSION': '6800'}, 'shell': False}
[1.764113] (simple_robot_description) StdoutLine: {'line': b'running egg_info\n'}
[1.764748] (-) TimerEvent: {}
[1.765777] (simple_robot_description) StdoutLine: {'line': b'writing ../../../build/simple_robot_description/simple_robot_description.egg-info/PKG-INFO\n'}
[1.772117] (simple_robot_description) StdoutLine: {'line': b'writing dependency_links to ../../../build/simple_robot_description/simple_robot_description.egg-info/dependency_links.txt\n'}
[1.772593] (simple_robot_description) StdoutLine: {'line': b'writing entry points to ../../../build/simple_robot_description/simple_robot_description.egg-info/entry_points.txt\n'}
[1.772658] (simple_robot_description) StdoutLine: {'line': b'writing requirements to ../../../build/simple_robot_description/simple_robot_description.egg-info/requires.txt\n'}
[1.778977] (simple_robot_description) StdoutLine: {'line': b'writing top-level names to ../../../build/simple_robot_description/simple_robot_description.egg-info/top_level.txt\n'}
[1.793916] (simple_robot_description) StdoutLine: {'line': b"reading manifest file '../../../build/simple_robot_description/simple_robot_description.egg-info/SOURCES.txt'\n"}
[1.797780] (simple_robot_description) StdoutLine: {'line': b"writing manifest file '../../../build/simple_robot_description/simple_robot_description.egg-info/SOURCES.txt'\n"}
[1.802071] (simple_robot_description) StdoutLine: {'line': b'running build\n'}
[1.803609] (simple_robot_description) StdoutLine: {'line': b'running build_py\n'}
[1.811202] (simple_robot_description) StdoutLine: {'line': b'running install\n'}
[1.821228] (simple_robot_description) StdoutLine: {'line': b'running install_lib\n'}
[1.821484] (simple_robot_description) StdoutLine: {'line': b'running install_data\n'}
[1.826027] (simple_robot_description) StdoutLine: {'line': b'running install_egg_info\n'}
[1.826125] (simple_robot_description) StdoutLine: {'line': b"removing '/home/rakhi/ros2_ws/install/simple_robot_description/lib/python3.10/site-packages/simple_robot_description-0.0.0-py3.10.egg-info' (and everything under it)\n"}
[1.826223] (simple_robot_description) StdoutLine: {'line': b'Copying ../../../build/simple_robot_description/simple_robot_description.egg-info to /home/rakhi/ros2_ws/install/simple_robot_description/lib/python3.10/site-packages/simple_robot_description-0.0.0-py3.10.egg-info\n'}
[1.831164] (simple_robot_description) StdoutLine: {'line': b'running install_scripts\n'}
[1.853935] (simple_robot_description) StdoutLine: {'line': b'Installing joint_commander script to /home/rakhi/ros2_ws/install/simple_robot_description/lib/simple_robot_description\n'}
[1.857677] (simple_robot_description) StdoutLine: {'line': b"writing list of installed files to '/home/rakhi/ros2_ws/build/simple_robot_description/install.log'\n"}
[1.890018] (simple_robot_description) CommandEnded: {'returncode': 0}
[1.891434] (-) TimerEvent: {}
[1.994960] (simple_robot_description) JobEnded: {'identifier': 'simple_robot_description', 'rc': 0}
[1.998928] (-) TimerEvent: {}
[1.999619] (-) EventReactorShutdown: {}
